10, 1, 768762335, 494456650, -1120128600, 948, 0, 3963, -93

15, 1, 768762335, 494456650, -1120128600, 948, 0, 3963, -73

10, 1, 768762336, 494456650, -1120128600, 948, 0, 3957, -96

15, 1, 768762336, 494456650, -1120128600, 948, 0, 3957, -75

10, 1, 768762337, 494456650, -1120128600, 948, 0, 3963, -99

15, 1, 768762337, 494456650, -1120128600, 948, 0, 3963, -74

10, 1, 768762338, 494456650, -1120128600, 948, 0, 3963, -93

15, 1, 768762338, 494456650, -1120128600, 948, 0, 3963, -76

10, 1, 768762339, 494456650, -1120128600, 948, 0, 3963, -83

15, 1, 768762339, 494456650, -1120128600, 948, 0, 3963, -91

10, 1, 768762340, 494456650, -1120128600, 948, 0, 3963, -90

15, 1, 768762340, 494456650, -1120128600, 948, 0, 3963, -80

10, 1, 768762341, 494456650, -1120128600, 948, 0, 3963, -93

15, 1, 768762341, 494456650, -1120128600, 948, 0, 3963, -77

10, 1, 768762342, 494456650, -1120128600, 948, 0, 3963, -96

15, 1, 768762342, 494456650, -1120128600, 948, 0, 3963, -75

10, 1, 768762343, 494456650, -1120128600, 948, 0, 3963, -115

15, 1, 768762343, 494456650, -1120128600, 948, 0, 3963, -90

10, 1, 768762344, 494456650, -1120128600, 948, 0, 3963, -96

15, 1, 768762344, 494456650, -1120128600, 948, 0, 3963, -76

10, 1, 768762345, 494456650, -1120128600, 948, 0, 3963, -96

15, 1, 768762345, 494456650, -1120128600, 948, 0, 3963, -74

10, 1, 768762347, 494456650, -1120128600, 948, 0, 3963, -89

15, 1, 768762347, 494456650, -1120128600, 948, 0, 3963, -73

10, 1, 768762348, 494456650, -1120128600, 948, 0, 3963, -91

15, 1, 768762348, 494456650, -1120128600, 948, 0, 3963, -79

10, 1, 768762349, 494456650, -1120128600, 948, 0, 3963, -95

15, 1, 768762349, 494456650, -1120128600, 948, 0, 3963, -77

10, 1, 768762350, 494456650, -1120128600, 948, 0, 3963, -93

15, 1, 768762350, 494456650, -1120128600, 948, 0, 3963, -81

10, 1, 768762351, 494456650, -1120128600, 948, 0, 3957, -92

15, 1, 768762351, 494456650, -1120128600, 948, 0, 3957, -79

10, 1, 768762352, 494456650, -1120128600, 948, 0, 3963, -92

15, 1, 768762352, 494456650, -1120128600, 948, 0, 3963, -79

10, 1, 768762353, 494456650, -1120128600, 948, 0, 3963, -90

15, 1, 768762353, 494456650, -1120128600, 948, 0, 3963, -81

10, 1, 768762354, 494456650, -1120128600, 948, 0, 3963, -93

15, 1, 768762354, 494456650, -1120128600, 948, 0, 3963, -80

10, 1, 768762355, 494456650, -1120128600, 948, 0, 3963, -92

15, 1, 768762355, 494456650, -1120128600, 948, 0, 3963, -82

10, 1, 768762356, 494456650, -1120128600, 948, 0, 3957, -91

15, 1, 768762356, 494456650, -1120128600, 948, 0, 3957, -81

10, 1, 768762357, 494456650, -1120128600, 948, 0, 3963, -91

15, 1, 768762357, 494456650, -1120128600, 948, 0, 3963, -82

10, 1, 768762358, 494456650, -1120128600, 948, 0, 3963, -93

15, 1, 768762358, 494456650, -1120128600, 948, 0, 3963, -80

10, 1, 768762359, 494456650, -1120128600, 948, 0, 3963, -92

15, 1, 768762359, 494456650, -1120128600, 948, 0, 3963, -80

10, 1, 768762360, 494456650, -1120128600, 948, 0, 3963, -95

15, 1, 768762360, 494456650, -1120128600, 948, 0, 3963, -79

15, 1, 768762361, 494456650, -1120128600, 948, 0, 3957, -77

10, 1, 768762362, 494456650, -1120128600, 948, 0, 3963, -89

15, 1, 768762362, 494456650, -1120128600, 948, 0, 3963, -80

10, 1, 768762363, 494456650, -1120128600, 948, 0, 3963, -89

15, 1, 768762363, 494456650, -1120128600, 948, 0, 3963, -79

10, 1, 768762364, 494456650, -1120128600, 948, 0, 3963, -91

15, 1, 768762364, 494456650, -1120128600, 948, 0, 3963, -81

10, 1, 768762365, 494456650, -1120128600, 948, 0, 3963, -96

15, 1, 768762365, 494456650, -1120128600, 948, 0, 3963, -80

10, 1, 768762366, 494456650, -1120128600, 948, 0, 3957, -95

15, 1, 768762366, 494456650, -1120128600, 948, 0, 3957, -80

10, 1, 768762367, 494456650, -1120128600, 948, 0, 3963, -91

15, 1, 768762367, 494456650, -1120128600, 948, 0, 3963, -79

10, 1, 768762368, 494456650, -1120128600, 948, 0, 3957, -90

15, 1, 768762368, 494456650, -1120128600, 948, 0, 3957, -77

10, 1, 768762369, 494456650, -1120128600, 948, 0, 3957, -90

15, 1, 768762369, 494456650, -1120128600, 948, 0, 3957, -77

10, 1, 768762370, 494456650, -1120128600, 948, 0, 3963, -89

15, 1, 768762370, 494456650, -1120128600, 948, 0, 3963, -77

10, 1, 768762371, 494456650, -1120128600, 948, 0, 3957, -89

15, 1, 768762371, 494456650, -1120128600, 948, 0, 3957, -77

10, 1, 768762372, 494456650, -1120128600, 948, 0, 3963, -89

15, 1, 768762372, 494456650, -1120128600, 948, 0, 3963, -77

10, 1, 768762373, 494456650, -1120128600, 948, 0, 3963, -90

15, 1, 768762373, 494456650, -1120128600, 948, 0, 3963, -77

10, 1, 768762374, 494456650, -1120128600, 948, 0, 3963, -90

15, 1, 768762374, 494456650, -1120128600, 948, 0, 3963, -77

10, 1, 768762375, 494456650, -1120128600, 948, 0, 3963, -89

15, 1, 768762375, 494456650, -1120128600, 948, 0, 3963, -77

10, 1, 768762376, 494456650, -1120128600, 948, 0, 3957, -89

15, 1, 768762376, 494456650, -1120128600, 948, 0, 3957, -76

10, 1, 768762377, 494456650, -1120128600, 948, 0, 3957, -89

15, 1, 768762377, 494456650, -1120128600, 948, 0, 3957, -76

10, 1, 768762378, 494456650, -1120128600, 948, 0, 3963, -90

15, 1, 768762378, 494456650, -1120128600, 948, 0, 3963, -76

10, 1, 768762379, 494456650, -1120128600, 948, 0, 3963, -90

15, 1, 768762379, 494456650, -1120128600, 948, 0, 3963, -77

10, 1, 768762380, 494456650, -1120128600, 948, 0, 3963, -92

15, 1, 768762380, 494456650, -1120128600, 948, 0, 3963, -77

10, 1, 768762381, 494456650, -1120128600, 948, 0, 3957, -92

15, 1, 768762381, 494456650, -1120128600, 948, 0, 3957, -79

10, 1, 768762382, 494456650, -1120128600, 948, 0, 3957, -91

15, 1, 768762382, 494456650, -1120128600, 948, 0, 3957, -79

10, 1, 768762383, 494456650, -1120128600, 948, 0, 3957, -91

15, 1, 768762383, 494456650, -1120128600, 948, 0, 3957, -77

10, 1, 768762384, 494456650, -1120128600, 948, 0, 3963, -90

15, 1, 768762384, 494456650, -1120128600, 948, 0, 3963, -77

10, 1, 768762385, 494456650, -1120128600, 948, 0, 3963, -91

15, 1, 768762385, 494456650, -1120128600, 948, 0, 3963, -77

10, 1, 768762386, 494456667, -1120128600, 948, 0, 3957, -92

15, 1, 768762386, 494456667, -1120128600, 948, 0, 3957, -79

10, 1, 768762387, 494456667, -1120128600, 948, 0, 3963, -92

15, 1, 768762387, 494456667, -1120128600, 948, 0, 3963, -76

10, 1, 768762388, 494456667, -1120128600, 948, 0, 3957, -91

15, 1, 768762388, 494456667, -1120128600, 948, 0, 3957, -77

10, 1, 768762389, 494456667, -1120128600, 948, 0, 3957, -92

15, 1, 768762389, 494456667, -1120128600, 948, 0, 3957, -79

10, 1, 768762390, 494456667, -1120128600, 948, 0, 3963, -91

15, 1, 768762390, 494456667, -1120128600, 948, 0, 3963, -76

10, 1, 768762391, 494456667, -1120128600, 948, 0, 3957, -91

15, 1, 768762391, 494456667, -1120128600, 948, 0, 3957, -77

10, 1, 768762392, 494456667, -1120128600, 948, 0, 3957, -90

15, 1, 768762392, 494456667, -1120128600, 948, 0, 3957, -77

10, 1, 768762393, 494456667, -1120128600, 948, 0, 3963, -92

15, 1, 768762393, 494456667, -1120128600, 948, 0, 3963, -76

10, 1, 768762394, 494456667, -1120128600, 948, 0, 3957, -96

15, 1, 768762394, 494456667, -1120128600, 948, 0, 3957, -76

10, 1, 768762395, 494456667, -1120128600, 948, 0, 3957, -91

15, 1, 768762395, 494456667, -1120128600, 948, 0, 3957, -76

10, 1, 768762396, 494456667, -1120128600, 948, 0, 3957, -93

15, 1, 768762396, 494456667, -1120128600, 948, 0, 3957, -77

10, 1, 768762397, 494456667, -1120128600, 948, 0, 3963, -92

15, 1, 768762397, 494456667, -1120128600, 948, 0, 3963, -77

10, 1, 768762398, 494456667, -1120128600, 948, 0, 3957, -97

15, 1, 768762398, 494456667, -1120128600, 948, 0, 3957, -77

10, 1, 768762399, 494456667, -1120128600, 948, 0, 3957, -93

10, 1, 768762400, 494456667, -1120128600, 948, 0, 3963, -95

15, 1, 768762400, 494456667, -1120128600, 948, 0, 3963, -77

10, 1, 768762401, 494456667, -1120128600, 948, 0, 3957, -93

15, 1, 768762401, 494456667, -1120128600, 948, 0, 3957, -77

10, 1, 768762402, 494456667, -1120128600, 948, 0, 3957, -96

15, 1, 768762402, 494456667, -1120128600, 948, 0, 3957, -76

10, 1, 768762403, 494456667, -1120128600, 948, 0, 3957, -93

15, 1, 768762403, 494456667, -1120128600, 948, 0, 3957, -76

10, 1, 768762404, 494456667, -1120128600, 947, 0, 3957, -92

15, 1, 768762404, 494456667, -1120128600, 947, 0, 3957, -77

10, 1, 768762405, 494456667, -1120128617, 947, 0, 3957, -107

15, 1, 768762405, 494456667, -1120128617, 947, 0, 3957, -77

10, 1, 768762406, 494456667, -1120128617, 947, 0, 3957, -104

15, 1, 768762406, 494456667, -1120128617, 947, 0, 3957, -77

10, 1, 768762407, 494456667, -1120128617, 947, 0, 3957, -95

15, 1, 768762407, 494456667, -1120128617, 947, 0, 3957, -76

10, 1, 768762408, 494456667, -1120128617, 947, 0, 3957, -93

15, 1, 768762408, 494456667, -1120128617, 947, 0, 3957, -79

10, 1, 768762409, 494456667, -1120128600, 947, 0, 3957, -92

15, 1, 768762409, 494456667, -1120128600, 947, 0, 3957, -79

10, 1, 768762410, 494456667, -1120128617, 947, 0, 3957, -101

15, 1, 768762410, 494456667, -1120128617, 947, 0, 3957, -80

10, 1, 768762411, 494456667, -1120128617, 947, 0, 3957, -95

15, 1, 768762411, 494456667, -1120128617, 947, 0, 3957, -77

10, 1, 768762412, 494456667, -1120128600, 947, 0, 3957, -98

15, 1, 768762412, 494456667, -1120128600, 947, 0, 3957, -76

10, 1, 768762413, 494456667, -1120128617, 947, 0, 3957, -99

15, 1, 768762413, 494456667, -1120128617, 947, 0, 3957, -75

10, 1, 768762414, 494456667, -1120128617, 947, 0, 3957, -97

15, 1, 768762414, 494456667, -1120128617, 947, 0, 3957, -77

15, 1, 768762415, 494456667, -1120128617, 947, 0, 3957, -79

10, 1, 768762416, 494456667, -1120128617, 947, 0, 3957, -98

15, 1, 768762416, 494456667, -1120128617, 947, 0, 3957, -76

15, 1, 768762417, 494456667, -1120128617, 947, 0, 3957, -76

10, 1, 768762418, 494456667, -1120128617, 947, 0, 3957, -96

15, 1, 768762418, 494456667, -1120128617, 947, 0, 3957, -75

10, 1, 768762419, 494456667, -1120128617, 947, 0, 3957, -116

15, 1, 768762419, 494456667, -1120128617, 947, 0, 3957, -80

10, 1, 768762420, 494456667, -1120128617, 947, 0, 3957, -109

15, 1, 768762420, 494456667, -1120128617, 947, 0, 3957, -77

10, 1, 768762421, 494456667, -1120128617, 947, 0, 3957, -96

15, 1, 768762421, 494456667, -1120128617, 947, 0, 3957, -77

10, 1, 768762422, 494456667, -1120128617, 947, 0, 3957, -92

15, 1, 768762422, 494456667, -1120128617, 947, 0, 3957, -83

10, 1, 768762423, 494456667, -1120128617, 947, 0, 3957, -92

15, 1, 768762423, 494456667, -1120128617, 947, 0, 3957, -81

10, 1, 768762424, 494456667, -1120128617, 947, 0, 3957, -92

15, 1, 768762424, 494456667, -1120128617, 947, 0, 3957, -79

10, 1, 768762425, 494456667, -1120128617, 947, 0, 3957, -92

15, 1, 768762425, 494456667, -1120128617, 947, 0, 3957, -79

10, 1, 768762426, 494456667, -1120128617, 947, 0, 3950, -92

15, 1, 768762426, 494456667, -1120128617, 947, 0, 3950, -83

10, 1, 768762427, 494456667, -1120128617, 947, 0, 3957, -93

15, 1, 768762427, 494456667, -1120128617, 947, 0, 3957, -83

10, 1, 768762428, 494456667, -1120128617, 947, 0, 3957, -91

15, 1, 768762428, 494456667, -1120128617, 947, 0, 3957, -83

10, 1, 768762429, 494456667, -1120128617, 947, 0, 3957, -90

15, 1, 768762429, 494456667, -1120128617, 947, 0, 3957, -85

10, 1, 768762430, 494456667, -1120128617, 947, 0, 3957, -91

15, 1, 768762430, 494456667, -1120128617, 947, 0, 3957, -83

10, 1, 768762431, 494456667, -1120128617, 947, 0, 3957, -90

15, 1, 768762431, 494456667, -1120128617, 947, 0, 3957, -82

10, 1, 768762432, 494456667, -1120128617, 947, 0, 3957, -96

15, 1, 768762432, 494456667, -1120128617, 947, 0, 3957, -84

10, 1, 768762433, 494456667, -1120128617, 947, 0, 3957, -96

15, 1, 768762433, 494456667, -1120128617, 947, 0, 3957, -83

10, 1, 768762434, 494456667, -1120128617, 947, 0, 3957, -95

15, 1, 768762434, 494456667, -1120128617, 947, 0, 3957, -83

10, 1, 768762435, 494456667, -1120128617, 947, 0, 3957, -96

15, 1, 768762435, 494456667, -1120128617, 947, 0, 3957, -83

10, 1, 768762436, 494456667, -1120128617, 947, 0, 3950, -103

15, 1, 768762436, 494456667, -1120128617, 947, 0, 3950, -77

15, 1, 768762437, 494456667, -1120128617, 947, 0, 3957, -79

10, 1, 768762438, 494456667, -1120128617, 947, 0, 3957, -106

15, 1, 768762438, 494456667, -1120128617, 947, 0, 3957, -77

10, 1, 768762439, 494456667, -1120128617, 947, 0, 3957, -104

15, 1, 768762439, 494456667, -1120128617, 947, 0, 3957, -76

10, 1, 768762440, 494456683, -1120128617, 947, 0, 3957, -96

15, 1, 768762440, 494456683, -1120128617, 947, 0, 3957, -77

10, 1, 768762441, 494456700, -1120128633, 947, 0, 3957, -96

15, 1, 768762441, 494456700, -1120128633, 947, 0, 3957, -79

10, 1, 768762442, 494456700, -1120128650, 946, 0, 3957, -101

15, 1, 768762442, 494456700, -1120128650, 946, 0, 3957, -80

10, 1, 768762443, 494456717, -1120128650, 946, 0, 3957, -92

15, 1, 768762443, 494456717, -1120128650, 946, 0, 3957, -77

10, 1, 768762444, 494456717, -1120128650, 946, 0, 3957, -95

15, 1, 768762444, 494456717, -1120128650, 946, 0, 3957, -75

10, 1, 768762445, 494456717, -1120128650, 946, 0, 3957, -93

15, 1, 768762445, 494456717, -1120128650, 946, 0, 3957, -83

10, 1, 768762446, 494456717, -1120128650, 946, 0, 3950, -95

15, 1, 768762446, 494456717, -1120128650, 946, 0, 3950, -80

10, 1, 768762447, 494456717, -1120128650, 946, 0, 3957, -99

15, 1, 768762447, 494456717, -1120128650, 946, 0, 3957, -77

10, 1, 768762448, 494456717, -1120128650, 946, 0, 3957, -109

15, 1, 768762448, 494456717, -1120128650, 946, 0, 3957, -76

10, 1, 768762449, 494456717, -1120128650, 946, 0, 3957, -98

15, 1, 768762449, 494456717, -1120128650, 946, 0, 3957, -76

10, 1, 768762450, 494456717, -1120128650, 946, 0, 3957, -103

15, 1, 768762450, 494456717, -1120128650, 946, 0, 3957, -80

10, 1, 768762451, 494456717, -1120128650, 946, 0, 3950, -98

15, 1, 768762451, 494456717, -1120128650, 946, 0, 3950, -77

10, 1, 768762452, 494456717, -1120128650, 946, 0, 3957, -99

15, 1, 768762452, 494456717, -1120128650, 946, 0, 3957, -76

10, 1, 768762453, 494456717, -1120128650, 946, 0, 3957, -93

15, 1, 768762453, 494456717, -1120128650, 946, 0, 3957, -75

10, 1, 768762454, 494456717, -1120128650, 946, 0, 3957, -96

15, 1, 768762454, 494456717, -1120128650, 946, 0, 3957, -76

10, 1, 768762455, 494456717, -1120128650, 946, 0, 3957, -95

15, 1, 768762455, 494456717, -1120128650, 946, 0, 3957, -81

10, 1, 768762456, 494456717, -1120128650, 946, 0, 3957, -101

15, 1, 768762456, 494456717, -1120128650, 946, 0, 3957, -77

10, 1, 768762457, 494456717, -1120128650, 946, 0, 3957, -95

15, 1, 768762457, 494456717, -1120128650, 946, 0, 3957, -79

10, 1, 768762458, 494456717, -1120128650, 946, 0, 3950, -97

15, 1, 768762458, 494456717, -1120128650, 946, 0, 3950, -84

10, 1, 768762459, 494456717, -1120128650, 946, 0, 3957, -95

15, 1, 768762459, 494456717, -1120128650, 946, 0, 3957, -80

10, 1, 768762460, 494456717, -1120128650, 946, 0, 3957, -99

15, 1, 768762460, 494456717, -1120128650, 946, 0, 3957, -76

10, 1, 768762461, 494456717, -1120128650, 946, 0, 3950, -96

15, 1, 768762461, 494456717, -1120128650, 946, 0, 3950, -82

10, 1, 768762462, 494456717, -1120128650, 946, 0, 3950, -98

15, 1, 768762462, 494456717, -1120128650, 946, 0, 3950, -82

10, 1, 768762463, 494456717, -1120128650, 946, 0, 3950, -98

15, 1, 768762463, 494456717, -1120128650, 946, 0, 3950, -82

10, 1, 768762464, 494456717, -1120128650, 946, 0, 3957, -96

15, 1, 768762464, 494456717, -1120128650, 946, 0, 3957, -80

10, 1, 768762465, 494456717, -1120128650, 946, 0, 3957, -102

15, 1, 768762465, 494456717, -1120128650, 946, 0, 3957, -79

10, 1, 768762467, 494456717, -1120128650, 946, 0, 3957, -98

15, 1, 768762467, 494456717, -1120128650, 946, 0, 3957, -79

10, 1, 768762468, 494456717, -1120128650, 946, 0, 3957, -101

15, 1, 768762468, 494456717, -1120128650, 946, 0, 3957, -79

10, 1, 768762469, 494456717, -1120128650, 946, 0, 3957, -98

15, 1, 768762469, 494456717, -1120128650, 946, 0, 3957, -81

10, 1, 768762470, 494456717, -1120128650, 946, 0, 3957, -99

15, 1, 768762470, 494456717, -1120128650, 946, 0, 3957, -80

10, 1, 768762471, 494456717, -1120128650, 946, 0, 3950, -96

15, 1, 768762471, 494456717, -1120128650, 946, 0, 3950, -79

10, 1, 768762472, 494456717, -1120128650, 946, 0, 3950, -95

15, 1, 768762472, 494456717, -1120128650, 946, 0, 3950, -79

10, 1, 768762473, 494456717, -1120128650, 946, 0, 3957, -96

15, 1, 768762473, 494456717, -1120128650, 946, 0, 3957, -80

10, 1, 768762474, 494456717, -1120128650, 946, 0, 3957, -96

15, 1, 768762474, 494456717, -1120128650, 946, 0, 3957, -80

10, 1, 768762475, 494456717, -1120128650, 946, 0, 3957, -97

15, 1, 768762475, 494456717, -1120128650, 946, 0, 3957, -79

10, 1, 768762476, 494456717, -1120128650, 946, 0, 3950, -98

15, 1, 768762476, 494456717, -1120128650, 946, 0, 3950, -79

10, 1, 768762477, 494456717, -1120128650, 946, 0, 3950, -98

15, 1, 768762477, 494456717, -1120128650, 946, 0, 3950, -79

10, 1, 768762478, 494456717, -1120128650, 946, 0, 3950, -95

15, 1, 768762478, 494456717, -1120128650, 946, 0, 3950, -79

10, 1, 768762479, 494456717, -1120128650, 946, 0, 3950, -99

15, 1, 768762479, 494456717, -1120128650, 946, 0, 3950, -80

10, 1, 768762480, 494456717, -1120128650, 946, 0, 3957, -97

15, 1, 768762480, 494456717, -1120128650, 946, 0, 3957, -80

10, 1, 768762481, 494456717, -1120128650, 946, 0, 3950, -97

15, 1, 768762481, 494456717, -1120128650, 946, 0, 3950, -80

10, 1, 768762482, 494456717, -1120128650, 946, 0, 3950, -98

15, 1, 768762482, 494456717, -1120128650, 946, 0, 3950, -80

10, 1, 768762483, 494456717, -1120128650, 946, 0, 3950, -100

15, 1, 768762483, 494456717, -1120128650, 946, 0, 3950, -80

10, 1, 768762484, 494456717, -1120128650, 946, 0, 3957, -102

15, 1, 768762484, 494456717, -1120128650, 946, 0, 3957, -79

10, 1, 768762485, 494456717, -1120128650, 946, 0, 3957, -101

15, 1, 768762485, 494456717, -1120128650, 946, 0, 3957, -80

10, 1, 768762486, 494456717, -1120128650, 946, 0, 3950, -98

15, 1, 768762486, 494456717, -1120128650, 946, 0, 3950, -80

10, 1, 768762487, 494456717, -1120128650, 946, 0, 3950, -100

15, 1, 768762487, 494456717, -1120128650, 946, 0, 3950, -79

10, 1, 768762488, 494456717, -1120128650, 946, 0, 3950, -99

15, 1, 768762488, 494456717, -1120128650, 946, 0, 3950, -80

10, 1, 768762489, 494456717, -1120128650, 946, 0, 3950, -98

15, 1, 768762489, 494456717, -1120128650, 946, 0, 3950, -80

10, 1, 768762490, 494456717, -1120128650, 946, 0, 3950, -98

15, 1, 768762490, 494456717, -1120128650, 946, 0, 3950, -77

10, 1, 768762492, 494456717, -1120128650, 946, 0, 3950, -98

15, 1, 768762492, 494456717, -1120128650, 946, 0, 3950, -80

15, 1, 768762493, 494456717, -1120128650, 946, 0, 3950, -79

10, 1, 768762494, 494456717, -1120128650, 946, 0, 3950, -97

15, 1, 768762494, 494456717, -1120128650, 946, 0, 3950, -79

10, 1, 768762495, 494456717, -1120128650, 946, 0, 3957, -97

15, 1, 768762495, 494456717, -1120128650, 946, 0, 3957, -80

10, 1, 768762496, 494456717, -1120128650, 946, 0, 3950, -98

15, 1, 768762496, 494456717, -1120128650, 946, 0, 3950, -80

10, 1, 768762497, 494456717, -1120128650, 946, 0, 3950, -97

15, 1, 768762497, 494456717, -1120128650, 946, 0, 3950, -80

10, 1, 768762498, 494456717, -1120128650, 946, 0, 3950, -96

15, 1, 768762498, 494456717, -1120128650, 946, 0, 3950, -80

10, 1, 768762499, 494456717, -1120128650, 946, 0, 3950, -97

15, 1, 768762499, 494456717, -1120128650, 946, 0, 3950, -80

10, 1, 768762500, 494456717, -1120128650, 946, 0, 3950, -98

15, 1, 768762500, 494456717, -1120128650, 946, 0, 3950, -80

10, 1, 768762501, 494456717, -1120128650, 946, 0, 3950, -100

15, 1, 768762501, 494456717, -1120128650, 946, 0, 3950, -80

10, 1, 768762502, 494456717, -1120128650, 946, 0, 3950, -100

15, 1, 768762502, 494456717, -1120128650, 946, 0, 3950, -80

10, 1, 768762503, 494456717, -1120128650, 946, 0, 3950, -101

15, 1, 768762503, 494456717, -1120128650, 946, 0, 3950, -79

10, 1, 768762504, 494456717, -1120128650, 946, 0, 3950, -97

15, 1, 768762504, 494456717, -1120128650, 946, 0, 3950, -81

10, 1, 768762505, 494456717, -1120128650, 946, 0, 3950, -99

15, 1, 768762505, 494456717, -1120128650, 946, 0, 3950, -79

10, 1, 768762506, 494456717, -1120128650, 946, 0, 3944, -97

15, 1, 768762506, 494456717, -1120128650, 946, 0, 3944, -77

10, 1, 768762507, 494456717, -1120128650, 946, 0, 3950, -97

15, 1, 768762507, 494456717, -1120128650, 946, 0, 3950, -80

10, 1, 768762508, 494456717, -1120128650, 946, 0, 3950, -97

15, 1, 768762508, 494456717, -1120128650, 946, 0, 3950, -80

10, 1, 768762509, 494456717, -1120128650, 946, 0, 3950, -98

15, 1, 768762509, 494456717, -1120128650, 946, 0, 3950, -80

10, 1, 768762510, 494456717, -1120128650, 946, 0, 3957, -99

15, 1, 768762510, 494456717, -1120128650, 946, 0, 3957, -80

10, 1, 768762511, 494456717, -1120128650, 946, 0, 3950, -98

15, 1, 768762511, 494456717, -1120128650, 946, 0, 3950, -77

10, 1, 768762512, 494456717, -1120128650, 946, 0, 3950, -99

15, 1, 768762512, 494456717, -1120128650, 946, 0, 3950, -79

10, 1, 768762513, 494456717, -1120128650, 946, 0, 3950, -100

15, 1, 768762513, 494456717, -1120128650, 946, 0, 3950, -79

10, 1, 768762514, 494456717, -1120128650, 946, 0, 3950, -97

15, 1, 768762514, 494456717, -1120128650, 946, 0, 3950, -79

10, 1, 768762515, 494456717, -1120128650, 946, 0, 3950, -102

15, 1, 768762515, 494456717, -1120128650, 946, 0, 3950, -80

10, 1, 768762516, 494456717, -1120128650, 946, 0, 3944, -102

15, 1, 768762516, 494456717, -1120128650, 946, 0, 3944, -79

10, 1, 768762517, 494456717, -1120128650, 946, 0, 3950, -99

15, 1, 768762517, 494456717, -1120128650, 946, 0, 3950, -77

10, 1, 768762518, 494456717, -1120128650, 946, 0, 3950, -97

15, 1, 768762518, 494456717, -1120128650, 946, 0, 3950, -79

10, 1, 768762519, 494456717, -1120128650, 946, 0, 3950, -101

15, 1, 768762519, 494456717, -1120128650, 946, 0, 3950, -80

10, 1, 768762520, 494456717, -1120128650, 946, 0, 3950, -98

15, 1, 768762520, 494456717, -1120128650, 946, 0, 3950, -76

10, 1, 768762521, 494456717, -1120128650, 946, 0, 3944, -97

15, 1, 768762521, 494456717, -1120128650, 946, 0, 3944, -79

10, 1, 768762522, 494456717, -1120128650, 946, 0, 3950, -97

15, 1, 768762522, 494456717, -1120128650, 946, 0, 3950, -79

10, 1, 768762523, 494456717, -1120128650, 946, 0, 3950, -103

15, 1, 768762523, 494456717, -1120128650, 946, 0, 3950, -79

10, 1, 768762524, 494456717, -1120128650, 946, 0, 3950, -105

15, 1, 768762524, 494456717, -1120128650, 946, 0, 3950, -77

10, 1, 768762525, 494456717, -1120128650, 946, 0, 3950, -102

15, 1, 768762525, 494456717, -1120128650, 946, 0, 3950, -77

10, 1, 768762527, 494456717, -1120128650, 946, 0, 3950, -100

15, 1, 768762527, 494456717, -1120128650, 946, 0, 3950, -77

10, 1, 768762528, 494456717, -1120128650, 946, 0, 3950, -99

15, 1, 768762528, 494456717, -1120128650, 946, 0, 3950, -80

10, 1, 768762529, 494456717, -1120128650, 946, 0, 3950, -99

15, 1, 768762529, 494456717, -1120128650, 946, 0, 3950, -80

10, 1, 768762530, 494456717, -1120128650, 946, 0, 3950, -103

15, 1, 768762530, 494456717, -1120128650, 946, 0, 3950, -79

10, 1, 768762531, 494456717, -1120128650, 946, 0, 3944, -101

15, 1, 768762531, 494456717, -1120128650, 946, 0, 3944, -79

10, 1, 768762532, 494456717, -1120128650, 946, 0, 3950, -97

15, 1, 768762532, 494456717, -1120128650, 946, 0, 3950, -79

10, 1, 768762533, 494456717, -1120128650, 946, 0, 3950, -100

15, 1, 768762533, 494456717, -1120128650, 946, 0, 3950, -79

10, 1, 768762534, 494456717, -1120128650, 946, 0, 3950, -101

15, 1, 768762534, 494456717, -1120128650, 946, 0, 3950, -80

10, 1, 768762535, 494456717, -1120128650, 946, 0, 3950, -96

15, 1, 768762535, 494456717, -1120128650, 946, 0, 3950, -79

10, 1, 768762536, 494456717, -1120128650, 946, 0, 3944, -96

15, 1, 768762536, 494456717, -1120128650, 946, 0, 3944, -79

10, 1, 768762537, 494456717, -1120128650, 946, 0, 3950, -97

15, 1, 768762537, 494456717, -1120128650, 946, 0, 3950, -80

10, 1, 768762538, 494456717, -1120128650, 946, 0, 3950, -99

15, 1, 768762538, 494456717, -1120128650, 946, 0, 3950, -80

10, 1, 768762539, 494456717, -1120128650, 946, 0, 3950, -97

15, 1, 768762539, 494456717, -1120128650, 946, 0, 3950, -79

10, 1, 768762540, 494456717, -1120128650, 946, 0, 3950, -97

15, 1, 768762540, 494456717, -1120128650, 946, 0, 3950, -80

10, 1, 768762541, 494456717, -1120128650, 946, 0, 3944, -97

15, 1, 768762541, 494456717, -1120128650, 946, 0, 3944, -79

10, 1, 768762542, 494456717, -1120128650, 946, 0, 3944, -98

15, 1, 768762542, 494456717, -1120128650, 946, 0, 3944, -80

10, 1, 768762543, 494456717, -1120128650, 946, 0, 3950, -98

15, 1, 768762543, 494456717, -1120128650, 946, 0, 3950, -79

10, 1, 768762544, 494456717, -1120128650, 946, 0, 3950, -98

15, 1, 768762544, 494456717, -1120128650, 946, 0, 3950, -80

10, 1, 768762545, 494456717, -1120128650, 946, 0, 3950, -99

15, 1, 768762545, 494456717, -1120128650, 946, 0, 3950, -80

10, 1, 768762546, 494456717, -1120128650, 946, 0, 3944, -97

15, 1, 768762546, 494456717, -1120128650, 946, 0, 3944, -79

10, 1, 768762547, 494456717, -1120128650, 946, 0, 3950, -98

15, 1, 768762547, 494456717, -1120128650, 946, 0, 3950, -80

10, 1, 768762548, 494456717, -1120128650, 946, 0, 3950, -97

15, 1, 768762548, 494456717, -1120128650, 946, 0, 3950, -80

10, 1, 768762549, 494456717, -1120128650, 946, 0, 3950, -98

15, 1, 768762549, 494456717, -1120128650, 946, 0, 3950, -79

10, 1, 768762550, 494456717, -1120128650, 945, 0, 3950, -99

15, 1, 768762550, 494456717, -1120128650, 945, 0, 3950, -80

10, 1, 768762551, 494456717, -1120128650, 945, 0, 3944, -99

15, 1, 768762551, 494456717, -1120128650, 945, 0, 3944, -80

10, 1, 768762552, 494456717, -1120128650, 945, 0, 3950, -98

15, 1, 768762552, 494456717, -1120128650, 945, 0, 3950, -80

10, 1, 768762553, 494456717, -1120128650, 945, 0, 3950, -98

15, 1, 768762553, 494456717, -1120128650, 945, 0, 3950, -80

10, 1, 768762554, 494456717, -1120128633, 945, 0, 3944, -97

15, 1, 768762554, 494456717, -1120128633, 945, 0, 3944, -80

10, 1, 768762555, 494456717, -1120128633, 945, 0, 3950, -98

15, 1, 768762555, 494456717, -1120128633, 945, 0, 3950, -80

10, 1, 768762556, 494456717, -1120128633, 945, 0, 3944, -98

15, 1, 768762556, 494456717, -1120128633, 945, 0, 3944, -79

10, 1, 768762557, 494456717, -1120128633, 945, 0, 3950, -100

15, 1, 768762557, 494456717, -1120128633, 945, 0, 3950, -79

10, 1, 768762558, 494456717, -1120128633, 945, 0, 3944, -97

15, 1, 768762558, 494456717, -1120128633, 945, 0, 3944, -79

10, 1, 768762559, 494456717, -1120128633, 945, 0, 3950, -99

15, 1, 768762559, 494456717, -1120128633, 945, 0, 3950, -79

10, 1, 768762560, 494456717, -1120128633, 945, 0, 3950, -100

15, 1, 768762560, 494456717, -1120128633, 945, 0, 3950, -79

10, 1, 768762561, 494456717, -1120128633, 945, 0, 3944, -102

15, 1, 768762561, 494456717, -1120128633, 945, 0, 3944, -76

10, 1, 768762562, 494456717, -1120128633, 945, 0, 3944, -99

15, 1, 768762562, 494456717, -1120128633, 945, 0, 3944, -77

10, 1, 768762563, 494456717, -1120128633, 945, 0, 3944, -96

15, 1, 768762563, 494456717, -1120128633, 945, 0, 3944, -80

10, 1, 768762564, 494456717, -1120128633, 945, 0, 3950, -95

15, 1, 768762564, 494456717, -1120128633, 945, 0, 3950, -77

10, 1, 768762565, 494456717, -1120128633, 945, 0, 3950, -91

15, 1, 768762565, 494456717, -1120128633, 945, 0, 3950, -71

10, 1, 768762567, 494456717, -1120128633, 945, 0, 3944, -95

15, 1, 768762567, 494456717, -1120128633, 945, 0, 3944, -85

10, 1, 768762568, 494456717, -1120128633, 945, 0, 3950, -102

15, 1, 768762568, 494456717, -1120128633, 945, 0, 3950, -76

10, 1, 768762569, 494456717, -1120128633, 945, 0, 3944, -89

15, 1, 768762569, 494456717, -1120128633, 945, 0, 3944, -79

10, 1, 768762570, 494456717, -1120128633, 945, 0, 3950, -98

15, 1, 768762570, 494456717, -1120128633, 945, 0, 3950, -77

10, 1, 768762571, 494456717, -1120128633, 945, 0, 3944, -96

15, 1, 768762571, 494456717, -1120128633, 945, 0, 3944, -81

10, 1, 768762572, 494456717, -1120128633, 945, 0, 3944, -96

15, 1, 768762572, 494456717, -1120128633, 945, 0, 3944, -83

10, 1, 768762573, 494456717, -1120128633, 945, 0, 3944, -100

15, 1, 768762573, 494456717, -1120128633, 945, 0, 3944, -84

10, 1, 768762574, 494456717, -1120128633, 945, 0, 3944, -98

15, 1, 768762574, 494456717, -1120128633, 945, 0, 3944, -77

10, 1, 768762575, 494456717, -1120128633, 945, 0, 3944, -99

15, 1, 768762575, 494456717, -1120128633, 945, 0, 3944, -75

10, 1, 768762576, 494456717, -1120128633, 945, 0, 3944, -101

15, 1, 768762576, 494456717, -1120128633, 945, 0, 3944, -76

10, 1, 768762577, 494456717, -1120128633, 945, 0, 3944, -96

15, 1, 768762577, 494456717, -1120128633, 945, 0, 3944, -79

10, 1, 768762578, 494456717, -1120128633, 945, 0, 3944, -97

15, 1, 768762578, 494456717, -1120128633, 945, 0, 3944, -75

10, 1, 768762579, 494456717, -1120128633, 945, 0, 3944, -100

15, 1, 768762579, 494456717, -1120128633, 945, 0, 3944, -79

10, 1, 768762580, 494456717, -1120128633, 945, 0, 3944, -93

15, 1, 768762580, 494456717, -1120128633, 945, 0, 3944, -80

10, 1, 768762581, 494456717, -1120128633, 945, 0, 3944, -97

15, 1, 768762581, 494456717, -1120128633, 945, 0, 3944, -81

10, 1, 768762582, 494456717, -1120128633, 945, 0, 3944, -91

15, 1, 768762582, 494456717, -1120128633, 945, 0, 3944, -84

10, 1, 768762583, 494456717, -1120128633, 945, 0, 3950, -96

15, 1, 768762583, 494456717, -1120128633, 945, 0, 3950, -85

10, 1, 768762584, 494456717, -1120128633, 945, 0, 3944, -115

15, 1, 768762584, 494456717, -1120128633, 945, 0, 3944, -83

10, 1, 768762585, 494456717, -1120128633, 945, 0, 3944, -90

15, 1, 768762585, 494456717, -1120128633, 945, 0, 3944, -83

10, 1, 768762586, 494456717, -1120128633, 945, 0, 3944, -85

15, 1, 768762586, 494456717, -1120128633, 945, 0, 3944, -76

10, 1, 768762587, 494456717, -1120128633, 945, 0, 3944, -88

15, 1, 768762587, 494456717, -1120128633, 945, 0, 3944, -85

10, 1, 768762588, 494456717, -1120128633, 945, 0, 3944, -90

15, 1, 768762588, 494456717, -1120128633, 945, 0, 3944, -80

10, 1, 768762589, 494456717, -1120128633, 945, 0, 3944, -99

15, 1, 768762589, 494456717, -1120128633, 945, 0, 3944, -80

10, 1, 768762590, 494456717, -1120128633, 945, 0, 3944, -107

15, 1, 768762590, 494456717, -1120128633, 945, 0, 3944, -82

10, 1, 768762592, 494456717, -1120128633, 945, 0, 3944, -114

15, 1, 768762592, 494456717, -1120128633, 945, 0, 3944, -89

10, 1, 768762593, 494456717, -1120128633, 945, 0, 3944, -117

15, 1, 768762593, 494456717, -1120128633, 945, 0, 3944, -86

10, 1, 768762594, 494456717, -1120128633, 945, 0, 3944, -114

15, 1, 768762594, 494456717, -1120128633, 945, 0, 3944, -85

10, 1, 768762595, 494456717, -1120128633, 945, 0, 3950, -104

15, 1, 768762595, 494456717, -1120128633, 945, 0, 3950, -83

10, 1, 768762597, 494456717, -1120128633, 945, 0, 3944, -104

15, 1, 768762597, 494456717, -1120128633, 945, 0, 3944, -75

10, 1, 768762598, 494456717, -1120128633, 945, 0, 3944, -104

15, 1, 768762598, 494456717, -1120128633, 945, 0, 3944, -74

10, 1, 768762599, 494456717, -1120128633, 945, 0, 3944, -104

15, 1, 768762599, 494456717, -1120128633, 945, 0, 3944, -73

10, 1, 768762600, 494456717, -1120128633, 945, 0, 3950, -103

15, 1, 768762600, 494456717, -1120128633, 945, 0, 3950, -76

10, 1, 768762601, 494456717, -1120128633, 945, 0, 3944, -99

15, 1, 768762601, 494456717, -1120128633, 945, 0, 3944, -75

10, 1, 768762602, 494456717, -1120128633, 945, 0, 3944, -103

15, 1, 768762602, 494456717, -1120128633, 945, 0, 3944, -75

10, 1, 768762603, 494456717, -1120128633, 945, 0, 3944, -104

15, 1, 768762603, 494456717, -1120128633, 945, 0, 3944, -76

10, 1, 768762604, 494456717, -1120128633, 945, 0, 3944, -101

15, 1, 768762604, 494456717, -1120128633, 945, 0, 3944, -75

10, 1, 768762605, 494456717, -1120128633, 945, 0, 3944, -105

15, 1, 768762605, 494456717, -1120128633, 945, 0, 3944, -75

10, 1, 768762606, 494456717, -1120128633, 945, 0, 3938, -100

15, 1, 768762606, 494456717, -1120128633, 945, 0, 3938, -76

10, 1, 768762607, 494456717, -1120128633, 945, 0, 3944, -102

10, 1, 768762608, 494456717, -1120128633, 945, 0, 3944, -105

15, 1, 768762608, 494456717, -1120128633, 945, 0, 3944, -75

10, 1, 768762609, 494456717, -1120128633, 945, 0, 3944, -104

15, 1, 768762609, 494456717, -1120128633, 945, 0, 3944, -76

10, 1, 768762610, 494456717, -1120128633, 945, 0, 3944, -104

15, 1, 768762610, 494456717, -1120128633, 945, 0, 3944, -75

10, 1, 768762611, 494456717, -1120128633, 945, 0, 3938, -104

15, 1, 768762611, 494456717, -1120128633, 945, 0, 3938, -75

10, 1, 768762612, 494456717, -1120128633, 945, 0, 3944, -104

15, 1, 768762612, 494456717, -1120128633, 945, 0, 3944, -76

10, 1, 768762613, 494456717, -1120128633, 945, 0, 3944, -106

15, 1, 768762613, 494456717, -1120128633, 945, 0, 3944, -75

10, 1, 768762614, 494456717, -1120128633, 945, 0, 3938, -104

15, 1, 768762614, 494456717, -1120128633, 945, 0, 3938, -74

10, 1, 768762615, 494456717, -1120128633, 945, 0, 3944, -103

15, 1, 768762615, 494456717, -1120128633, 945, 0, 3944, -75

10, 1, 768762616, 494456717, -1120128633, 945, 0, 3938, -103

15, 1, 768762616, 494456717, -1120128633, 945, 0, 3938, -75

10, 1, 768762617, 494456717, -1120128633, 945, 0, 3944, -103

15, 1, 768762617, 494456717, -1120128633, 945, 0, 3944, -75

10, 1, 768762618, 494456717, -1120128633, 945, 0, 3944, -104

15, 1, 768762618, 494456717, -1120128633, 945, 0, 3944, -75

10, 1, 768762619, 494456717, -1120128633, 945, 0, 3944, -104

15, 1, 768762619, 494456717, -1120128633, 945, 0, 3944, -74

10, 1, 768762620, 494456717, -1120128633, 945, 0, 3944, -104

15, 1, 768762620, 494456717, -1120128633, 945, 0, 3944, -75

10, 1, 768762621, 494456717, -1120128633, 945, 0, 3938, -103

15, 1, 768762621, 494456717, -1120128633, 945, 0, 3938, -75

10, 1, 768762622, 494456717, -1120128633, 945, 0, 3944, -104

15, 1, 768762622, 494456717, -1120128633, 945, 0, 3944, -75

10, 1, 768762623, 494456717, -1120128633, 945, 0, 3944, -104

15, 1, 768762623, 494456717, -1120128633, 945, 0, 3944, -75

10, 1, 768762624, 494456717, -1120128633, 945, 0, 3944, -104

15, 1, 768762624, 494456717, -1120128633, 945, 0, 3944, -76

10, 1, 768762625, 494456717, -1120128617, 945, 0, 3944, -104

15, 1, 768762625, 494456717, -1120128617, 945, 0, 3944, -75

10, 1, 768762627, 494456717, -1120128617, 945, 0, 3944, -106

15, 1, 768762627, 494456717, -1120128617, 945, 0, 3944, -74

10, 1, 768762628, 494456717, -1120128617, 945, 0, 3944, -103

15, 1, 768762628, 494456717, -1120128617, 945, 0, 3944, -75

10, 1, 768762629, 494456717, -1120128617, 945, 0, 3944, -102

15, 1, 768762629, 494456717, -1120128617, 945, 0, 3944, -76

10, 1, 768762630, 494456717, -1120128617, 945, 0, 3944, -101

15, 1, 768762630, 494456717, -1120128617, 945, 0, 3944, -75

10, 1, 768762631, 494456717, -1120128617, 945, 0, 3938, -101

15, 1, 768762631, 494456717, -1120128617, 945, 0, 3938, -75

10, 1, 768762632, 494456717, -1120128617, 945, 0, 3944, -102

15, 1, 768762632, 494456717, -1120128617, 945, 0, 3944, -75

10, 1, 768762633, 494456717, -1120128617, 945, 0, 3944, -102

15, 1, 768762633, 494456717, -1120128617, 945, 0, 3944, -75

10, 1, 768762634, 494456717, -1120128617, 945, 0, 3944, -102

15, 1, 768762634, 494456717, -1120128617, 945, 0, 3944, -75

10, 1, 768762635, 494456717, -1120128617, 945, 0, 3944, -105

15, 1, 768762635, 494456717, -1120128617, 945, 0, 3944, -75

10, 1, 768762636, 494456717, -1120128617, 945, 0, 3938, -102

15, 1, 768762636, 494456717, -1120128617, 945, 0, 3938, -75

10, 1, 768762637, 494456717, -1120128617, 945, 0, 3938, -103

15, 1, 768762637, 494456717, -1120128617, 945, 0, 3938, -75

10, 1, 768762638, 494456717, -1120128617, 945, 0, 3944, -102

15, 1, 768762638, 494456717, -1120128617, 945, 0, 3944, -75

10, 1, 768762639, 494456717, -1120128617, 945, 0, 3944, -105

15, 1, 768762639, 494456717, -1120128617, 945, 0, 3944, -75

10, 1, 768762640, 494456717, -1120128617, 945, 0, 3944, -104

15, 1, 768762640, 494456717, -1120128617, 945, 0, 3944, -75

10, 1, 768762641, 494456717, -1120128617, 945, 0, 3938, -104

15, 1, 768762641, 494456717, -1120128617, 945, 0, 3938, -76

10, 1, 768762642, 494456717, -1120128617, 945, 0, 3938, -103

15, 1, 768762642, 494456717, -1120128617, 945, 0, 3938, -76

10, 1, 768762643, 494456717, -1120128617, 945, 0, 3944, -104

10, 1, 768762644, 494456717, -1120128617, 945, 0, 3944, -104

15, 1, 768762644, 494456717, -1120128617, 945, 0, 3944, -75

10, 1, 768762645, 494456717, -1120128617, 945, 0, 3944, -106

15, 1, 768762645, 494456717, -1120128617, 945, 0, 3944, -75

10, 1, 768762646, 494456717, -1120128617, 945, 0, 3938, -104

15, 1, 768762646, 494456717, -1120128617, 945, 0, 3938, -75

10, 1, 768762647, 494456717, -1120128617, 945, 0, 3944, -106

15, 1, 768762647, 494456717, -1120128617, 945, 0, 3944, -75

10, 1, 768762648, 494456717, -1120128617, 945, 0, 3944, -106

15, 1, 768762648, 494456717, -1120128617, 945, 0, 3944, -76

10, 1, 768762649, 494456717, -1120128617, 945, 0, 3938, -106

15, 1, 768762649, 494456717, -1120128617, 945, 0, 3938, -75

10, 1, 768762650, 494456717, -1120128617, 945, 0, 3944, -107

15, 1, 768762650, 494456717, -1120128617, 945, 0, 3944, -75

10, 1, 768762651, 494456717, -1120128617, 945, 0, 3938, -106

15, 1, 768762651, 494456717, -1120128617, 945, 0, 3938, -75

10, 1, 768762652, 494456717, -1120128617, 945, 0, 3944, -106

15, 1, 768762652, 494456717, -1120128617, 945, 0, 3944, -75

10, 1, 768762653, 494456717, -1120128617, 945, 0, 3944, -106

15, 1, 768762653, 494456717, -1120128617, 945, 0, 3944, -75

10, 1, 768762654, 494456717, -1120128617, 945, 0, 3944, -106

15, 1, 768762654, 494456717, -1120128617, 945, 0, 3944, -75

10, 1, 768762655, 494456717, -1120128617, 945, 0, 3944, -103

15, 1, 768762655, 494456717, -1120128617, 945, 0, 3944, -76

10, 1, 768762656, 494456717, -1120128617, 945, 0, 3938, -104

15, 1, 768762656, 494456717, -1120128617, 945, 0, 3938, -76

10, 1, 768762657, 494456717, -1120128617, 945, 0, 3938, -103

15, 1, 768762657, 494456717, -1120128617, 945, 0, 3938, -75

10, 1, 768762658, 494456717, -1120128617, 945, 0, 3938, -105

15, 1, 768762658, 494456717, -1120128617, 945, 0, 3938, -74

10, 1, 768762659, 494456717, -1120128617, 945, 0, 3938, -102

15, 1, 768762659, 494456717, -1120128617, 945, 0, 3938, -75

10, 1, 768762660, 494456717, -1120128617, 945, 0, 3938, -103

15, 1, 768762660, 494456717, -1120128617, 945, 0, 3938, -75

10, 1, 768762661, 494456717, -1120128617, 945, 0, 3938, -109

15, 1, 768762661, 494456717, -1120128617, 945, 0, 3938, -84

10, 1, 768762662, 494456717, -1120128617, 945, 0, 3938, -107

15, 1, 768762662, 494456717, -1120128617, 945, 0, 3938, -87

10, 1, 768762663, 494456717, -1120128617, 945, 0, 3938, -105

15, 1, 768762663, 494456717, -1120128617, 945, 0, 3938, -88

10, 1, 768762664, 494456717, -1120128617, 945, 0, 3938, -105

15, 1, 768762664, 494456717, -1120128617, 945, 0, 3938, -86

10, 1, 768762665, 494456717, -1120128617, 945, 0, 3938, -102

15, 1, 768762665, 494456717, -1120128617, 945, 0, 3938, -80

10, 1, 768762666, 494456717, -1120128617, 945, 0, 3938, -102

15, 1, 768762666, 494456717, -1120128617, 945, 0, 3938, -81

10, 1, 768762667, 494456717, -1120128617, 945, 0, 3938, -102

15, 1, 768762667, 494456717, -1120128617, 945, 0, 3938, -80

10, 1, 768762668, 494456717, -1120128617, 945, 0, 3938, -97

10, 1, 768762669, 494456717, -1120128617, 945, 0, 3938, -101

15, 1, 768762669, 494456717, -1120128617, 945, 0, 3938, -87

10, 1, 768762670, 494456717, -1120128617, 945, 0, 3944, -97

15, 1, 768762670, 494456717, -1120128617, 945, 0, 3944, -84

10, 1, 768762671, 494456717, -1120128617, 945, 0, 3938, -92

15, 1, 768762671, 494456717, -1120128617, 945, 0, 3938, -80

10, 1, 768762672, 494456717, -1120128617, 945, 0, 3938, -101

15, 1, 768762672, 494456717, -1120128617, 945, 0, 3938, -77

10, 1, 768762673, 494456717, -1120128617, 945, 0, 3944, -96

15, 1, 768762673, 494456717, -1120128617, 945, 0, 3944, -81

10, 1, 768762674, 494456717, -1120128617, 945, 0, 3938, -96

15, 1, 768762674, 494456717, -1120128617, 945, 0, 3938, -77

10, 1, 768762675, 494456717, -1120128600, 945, 0, 3944, -99

15, 1, 768762675, 494456717, -1120128600, 945, 0, 3944, -79

10, 1, 768762676, 494456717, -1120128600, 945, 0, 3938, -93

10, 1, 768762677, 494456717, -1120128600, 945, 0, 3938, -93

15, 1, 768762677, 494456717, -1120128600, 945, 0, 3938, -77

10, 1, 768762678, 494456717, -1120128600, 945, 0, 3938, -91

15, 1, 768762678, 494456717, -1120128600, 945, 0, 3938, -80

10, 1, 768762679, 494456717, -1120128600, 945, 0, 3944, -96

15, 1, 768762679, 494456717, -1120128600, 945, 0, 3944, -84

10, 1, 768762680, 494456717, -1120128600, 945, 0, 3938, -92

15, 1, 768762680, 494456717, -1120128600, 945, 0, 3938, -89

10, 1, 768762681, 494456717, -1120128600, 945, 0, 3938, -92

15, 1, 768762681, 494456717, -1120128600, 945, 0, 3938, -90

10, 1, 768762682, 494456717, -1120128600, 945, 0, 3938, -90

15, 1, 768762682, 494456717, -1120128600, 945, 0, 3938, -85

10, 1, 768762683, 494456717, -1120128600, 945, 0, 3938, -87

15, 1, 768762683, 494456717, -1120128600, 945, 0, 3938, -83

10, 1, 768762684, 494456717, -1120128600, 945, 0, 3938, -86

15, 1, 768762684, 494456717, -1120128600, 945, 0, 3938, -83

10, 1, 768762685, 494456717, -1120128600, 945, 0, 3938, -89

15, 1, 768762685, 494456717, -1120128600, 945, 0, 3938, -83

10, 1, 768762686, 494456717, -1120128600, 945, 0, 3938, -90

15, 1, 768762686, 494456717, -1120128600, 945, 0, 3938, -86

10, 1, 768762687, 494456717, -1120128600, 945, 0, 3938, -90

15, 1, 768762687, 494456717, -1120128600, 945, 0, 3938, -85

10, 1, 768762688, 494456717, -1120128600, 945, 0, 3938, -89

15, 1, 768762688, 494456717, -1120128600, 945, 0, 3938, -80

10, 1, 768762689, 494456717, -1120128600, 945, 0, 3938, -89

15, 1, 768762689, 494456717, -1120128600, 945, 0, 3938, -77

10, 1, 768762690, 494456717, -1120128600, 945, 0, 3938, -89

15, 1, 768762690, 494456717, -1120128600, 945, 0, 3938, -76

10, 1, 768762691, 494456717, -1120128600, 945, 0, 3938, -89

15, 1, 768762691, 494456717, -1120128600, 945, 0, 3938, -79

10, 1, 768762692, 494456717, -1120128600, 945, 0, 3938, -87

15, 1, 768762692, 494456717, -1120128600, 945, 0, 3938, -79

10, 1, 768762693, 494456717, -1120128600, 945, 0, 3938, -90

15, 1, 768762693, 494456717, -1120128600, 945, 0, 3938, -73

10, 1, 768762694, 494456717, -1120128600, 945, 0, 3938, -90

15, 1, 768762694, 494456717, -1120128600, 945, 0, 3938, -76

10, 1, 768762695, 494456717, -1120128600, 945, 0, 3944, -91

15, 1, 768762695, 494456717, -1120128600, 945, 0, 3944, -70

10, 1, 768762696, 494456717, -1120128600, 945, 0, 3938, -87

15, 1, 768762696, 494456717, -1120128600, 945, 0, 3938, -69

10, 1, 768762697, 494456717, -1120128600, 945, 0, 3938, -86

15, 1, 768762697, 494456717, -1120128600, 945, 0, 3938, -70

10, 1, 768762698, 494456717, -1120128600, 945, 0, 3938, -87

15, 1, 768762698, 494456717, -1120128600, 945, 0, 3938, -69

10, 1, 768762699, 494456717, -1120128600, 945, 0, 3938, -88

15, 1, 768762699, 494456717, -1120128600, 945, 0, 3938, -70

10, 1, 768762700, 494456717, -1120128600, 945, 0, 3944, -97

15, 1, 768762700, 494456717, -1120128600, 945, 0, 3944, -68

10, 1, 768762701, 494456717, -1120128600, 945, 0, 3938, -89

15, 1, 768762701, 494456717, -1120128600, 945, 0, 3938, -70

10, 1, 768762702, 494456717, -1120128600, 945, 0, 3938, -88

15, 1, 768762702, 494456717, -1120128600, 945, 0, 3938, -70

10, 1, 768762703, 494456717, -1120128600, 945, 0, 3938, -88

15, 1, 768762703, 494456717, -1120128600, 945, 0, 3938, -70

10, 1, 768762704, 494456717, -1120128600, 945, 0, 3938, -88

15, 1, 768762704, 494456717, -1120128600, 945, 0, 3938, -70

10, 1, 768762705, 494456717, -1120128600, 945, 0, 3938, -89

15, 1, 768762705, 494456717, -1120128600, 945, 0, 3938, -69

10, 1, 768762706, 494456717, -1120128600, 945, 0, 3931, -89

15, 1, 768762706, 494456717, -1120128600, 945, 0, 3931, -69

10, 1, 768762707, 494456717, -1120128600, 945, 0, 3938, -89

15, 1, 768762707, 494456717, -1120128600, 945, 0, 3938, -70

10, 1, 768762708, 494456717, -1120128600, 945, 0, 3938, -90

15, 1, 768762708, 494456717, -1120128600, 945, 0, 3938, -69

10, 1, 768762709, 494456717, -1120128600, 945, 0, 3938, -90

15, 1, 768762709, 494456717, -1120128600, 945, 0, 3938, -69

10, 1, 768762710, 494456717, -1120128600, 945, 0, 3938, -90

15, 1, 768762710, 494456717, -1120128600, 945, 0, 3938, -67

10, 1, 768762711, 494456717, -1120128600, 945, 0, 3938, -89

15, 1, 768762711, 494456717, -1120128600, 945, 0, 3938, -69

10, 1, 768762712, 494456717, -1120128600, 945, 0, 3938, -89

15, 1, 768762712, 494456717, -1120128600, 945, 0, 3938, -69

10, 1, 768762713, 494456717, -1120128600, 945, 0, 3938, -90

15, 1, 768762713, 494456717, -1120128600, 945, 0, 3938, -70

10, 1, 768762714, 494456717, -1120128600, 945, 0, 3938, -89

15, 1, 768762714, 494456717, -1120128600, 945, 0, 3938, -69

10, 1, 768762715, 494456717, -1120128600, 945, 0, 3938, -89

15, 1, 768762715, 494456717, -1120128600, 945, 0, 3938, -70

10, 1, 768762716, 494456717, -1120128600, 945, 0, 3931, -89

15, 1, 768762716, 494456717, -1120128600, 945, 0, 3931, -70

10, 1, 768762717, 494456717, -1120128600, 945, 0, 3938, -89

15, 1, 768762717, 494456717, -1120128600, 945, 0, 3938, -70

10, 1, 768762718, 494456717, -1120128600, 945, 0, 3938, -89

15, 1, 768762718, 494456717, -1120128600, 945, 0, 3938, -70

10, 1, 768762719, 494456717, -1120128600, 945, 0, 3938, -88

15, 1, 768762719, 494456717, -1120128600, 945, 0, 3938, -70

10, 1, 768762720, 494456717, -1120128600, 945, 0, 3938, -89

15, 1, 768762720, 494456717, -1120128600, 945, 0, 3938, -70

10, 1, 768762721, 494456717, -1120128600, 945, 0, 3931, -88

15, 1, 768762721, 494456717, -1120128600, 945, 0, 3931, -70

10, 1, 768762722, 494456717, -1120128600, 945, 0, 3938, -89

15, 1, 768762722, 494456717, -1120128600, 945, 0, 3938, -69

10, 1, 768762723, 494456717, -1120128600, 945, 0, 3938, -88

15, 1, 768762723, 494456717, -1120128600, 945, 0, 3938, -69

10, 1, 768762724, 494456717, -1120128600, 945, 0, 3938, -89

15, 1, 768762724, 494456717, -1120128600, 945, 0, 3938, -70

10, 1, 768762725, 494456717, -1120128600, 945, 0, 3938, -89

15, 1, 768762725, 494456717, -1120128600, 945, 0, 3938, -70

10, 1, 768762726, 494456717, -1120128600, 945, 0, 3931, -88

15, 1, 768762726, 494456717, -1120128600, 945, 0, 3931, -70

10, 1, 768762727, 494456717, -1120128600, 945, 0, 3938, -89

15, 1, 768762727, 494456717, -1120128600, 945, 0, 3938, -70

10, 1, 768762728, 494456717, -1120128600, 945, 0, 3938, -89

15, 1, 768762728, 494456717, -1120128600, 945, 0, 3938, -70

10, 1, 768762729, 494456717, -1120128600, 945, 0, 3938, -89

15, 1, 768762729, 494456717, -1120128600, 945, 0, 3938, -71

10, 1, 768762730, 494456717, -1120128600, 945, 0, 3938, -90

15, 1, 768762730, 494456717, -1120128600, 945, 0, 3938, -70

10, 1, 768762731, 494456717, -1120128600, 945, 0, 3938, -89

15, 1, 768762731, 494456717, -1120128600, 945, 0, 3938, -70

10, 1, 768762732, 494456717, -1120128600, 945, 0, 3931, -90

15, 1, 768762732, 494456717, -1120128600, 945, 0, 3931, -70

10, 1, 768762733, 494456717, -1120128600, 945, 0, 3938, -90

15, 1, 768762733, 494456717, -1120128600, 945, 0, 3938, -70

10, 1, 768762734, 494456717, -1120128600, 945, 0, 3938, -90

15, 1, 768762734, 494456717, -1120128600, 945, 0, 3938, -70

10, 1, 768762735, 494456717, -1120128600, 945, 0, 3938, -90

15, 1, 768762735, 494456717, -1120128600, 945, 0, 3938, -70

10, 1, 768762736, 494456717, -1120128600, 945, 0, 3931, -89

15, 1, 768762736, 494456717, -1120128600, 945, 0, 3931, -69

10, 1, 768762737, 494456717, -1120128600, 945, 0, 3938, -90

15, 1, 768762737, 494456717, -1120128600, 945, 0, 3938, -69

10, 1, 768762738, 494456717, -1120128600, 945, 0, 3938, -89

15, 1, 768762738, 494456717, -1120128600, 945, 0, 3938, -70

10, 1, 768762739, 494456717, -1120128600, 945, 0, 3938, -89

15, 1, 768762739, 494456717, -1120128600, 945, 0, 3938, -70

10, 1, 768762740, 494456717, -1120128583, 945, 0, 3938, -89

15, 1, 768762740, 494456717, -1120128583, 945, 0, 3938, -70

10, 1, 768762741, 494456717, -1120128583, 945, 0, 3931, -89

15, 1, 768762741, 494456717, -1120128583, 945, 0, 3931, -70

10, 1, 768762742, 494456717, -1120128583, 945, 0, 3938, -89

15, 1, 768762742, 494456717, -1120128583, 945, 0, 3938, -70

10, 1, 768762743, 494456717, -1120128583, 945, 0, 3931, -89

15, 1, 768762743, 494456717, -1120128583, 945, 0, 3931, -70

10, 1, 768762744, 494456717, -1120128583, 945, 0, 3938, -89

15, 1, 768762744, 494456717, -1120128583, 945, 0, 3938, -70

10, 1, 768762745, 494456717, -1120128583, 945, 0, 3938, -89

15, 1, 768762745, 494456717, -1120128583, 945, 0, 3938, -74

10, 1, 768762746, 494456717, -1120128583, 945, 0, 3931, -89

15, 1, 768762746, 494456717, -1120128583, 945, 0, 3931, -69

10, 1, 768762747, 494456717, -1120128583, 945, 0, 3938, -97

15, 1, 768762747, 494456717, -1120128583, 945, 0, 3938, -70

10, 1, 768762748, 494456733, -1120128583, 945, 0, 3931, -88

15, 1, 768762748, 494456733, -1120128583, 945, 0, 3931, -74

10, 1, 768762749, 494456733, -1120128583, 945, 0, 3938, -93

15, 1, 768762749, 494456733, -1120128583, 945, 0, 3938, -71

10, 1, 768762750, 494456733, -1120128583, 945, 0, 3938, -92

15, 1, 768762750, 494456733, -1120128583, 945, 0, 3938, -70

10, 1, 768762751, 494456733, -1120128583, 945, 0, 3931, -86

15, 1, 768762751, 494456733, -1120128583, 945, 0, 3931, -71

10, 1, 768762752, 494456733, -1120128583, 945, 0, 3931, -90

15, 1, 768762752, 494456733, -1120128583, 945, 0, 3931, -71

10, 1, 768762753, 494456733, -1120128583, 945, 0, 3931, -90

15, 1, 768762753, 494456733, -1120128583, 945, 0, 3931, -70

10, 1, 768762754, 494456733, -1120128583, 945, 0, 3931, -89

15, 1, 768762754, 494456733, -1120128583, 945, 0, 3931, -71

10, 1, 768762755, 494456733, -1120128583, 945, 0, 3938, -90

15, 1, 768762755, 494456733, -1120128583, 945, 0, 3938, -68

10, 1, 768762757, 494456733, -1120128583, 945, 0, 3938, -90

15, 1, 768762757, 494456733, -1120128583, 945, 0, 3938, -70

10, 1, 768762758, 494456733, -1120128583, 945, 0, 3938, -90

15, 1, 768762758, 494456733, -1120128583, 945, 0, 3938, -70

10, 1, 768762759, 494456733, -1120128583, 945, 0, 3938, -90

15, 1, 768762759, 494456733, -1120128583, 945, 0, 3938, -69

10, 1, 768762760, 494456733, -1120128583, 945, 0, 3938, -88

15, 1, 768762760, 494456733, -1120128583, 945, 0, 3938, -70

10, 1, 768762761, 494456733, -1120128583, 945, 0, 3931, -90

15, 1, 768762761, 494456733, -1120128583, 945, 0, 3931, -71

10, 1, 768762762, 494456733, -1120128583, 945, 0, 3931, -88

15, 1, 768762762, 494456733, -1120128583, 945, 0, 3931, -70

10, 1, 768762763, 494456733, -1120128583, 945, 0, 3938, -89

15, 1, 768762763, 494456733, -1120128583, 945, 0, 3938, -70

10, 1, 768762764, 494456733, -1120128583, 945, 0, 3931, -88

15, 1, 768762764, 494456733, -1120128583, 945, 0, 3931, -70

10, 1, 768762765, 494456733, -1120128583, 945, 0, 3938, -88

15, 1, 768762765, 494456733, -1120128583, 945, 0, 3938, -69

10, 1, 768762766, 494456733, -1120128583, 945, 0, 3931, -89

15, 1, 768762766, 494456733, -1120128583, 945, 0, 3931, -69

10, 1, 768762767, 494456733, -1120128583, 945, 0, 3931, -90

15, 1, 768762767, 494456733, -1120128583, 945, 0, 3931, -70

10, 1, 768762768, 494456733, -1120128583, 945, 0, 3931, -89

15, 1, 768762768, 494456733, -1120128583, 945, 0, 3931, -70

10, 1, 768762769, 494456733, -1120128583, 945, 0, 3931, -90

15, 1, 768762769, 494456733, -1120128583, 945, 0, 3931, -69

10, 1, 768762770, 494456733, -1120128583, 945, 0, 3938, -88

15, 1, 768762770, 494456733, -1120128583, 945, 0, 3938, -70

10, 1, 768762771, 494456733, -1120128583, 945, 0, 3925, -87

15, 1, 768762771, 494456733, -1120128583, 945, 0, 3925, -69

10, 1, 768762772, 494456733, -1120128583, 945, 0, 3931, -87

15, 1, 768762772, 494456733, -1120128583, 945, 0, 3931, -70

10, 1, 768762773, 494456733, -1120128583, 945, 0, 3931, -89

15, 1, 768762773, 494456733, -1120128583, 945, 0, 3931, -70

10, 1, 768762774, 494456733, -1120128583, 945, 0, 3931, -92

15, 1, 768762774, 494456733, -1120128583, 945, 0, 3931, -70

10, 1, 768762775, 494456733, -1120128583, 945, 0, 3938, -88

15, 1, 768762775, 494456733, -1120128583, 945, 0, 3938, -70

10, 1, 768762776, 494456733, -1120128583, 945, 0, 3931, -88

15, 1, 768762776, 494456733, -1120128583, 945, 0, 3931, -70

10, 1, 768762777, 494456733, -1120128583, 945, 0, 3931, -89

15, 1, 768762777, 494456733, -1120128583, 945, 0, 3931, -69

10, 1, 768762778, 494456733, -1120128583, 945, 0, 3931, -89

15, 1, 768762778, 494456733, -1120128583, 945, 0, 3931, -70

10, 1, 768762779, 494456733, -1120128583, 945, 0, 3931, -88

15, 1, 768762779, 494456733, -1120128583, 945, 0, 3931, -70

10, 1, 768762780, 494456733, -1120128583, 945, 0, 3931, -90

15, 1, 768762780, 494456733, -1120128583, 945, 0, 3931, -70

10, 1, 768762781, 494456733, -1120128583, 945, 0, 3931, -89

15, 1, 768762781, 494456733, -1120128583, 945, 0, 3931, -69

10, 1, 768762782, 494456733, -1120128583, 945, 0, 3931, -89

15, 1, 768762782, 494456733, -1120128583, 945, 0, 3931, -70

10, 1, 768762783, 494456733, -1120128583, 945, 0, 3931, -89

15, 1, 768762783, 494456733, -1120128583, 945, 0, 3931, -70

10, 1, 768762784, 494456733, -1120128583, 945, 0, 3931, -88

15, 1, 768762784, 494456733, -1120128583, 945, 0, 3931, -71

10, 1, 768762785, 494456733, -1120128583, 945, 0, 3931, -88

15, 1, 768762785, 494456733, -1120128583, 945, 0, 3931, -70

10, 1, 768762786, 494456733, -1120128583, 945, 0, 3931, -90

15, 1, 768762786, 494456733, -1120128583, 945, 0, 3931, -70

10, 1, 768762787, 494456733, -1120128583, 945, 0, 3931, -89

15, 1, 768762787, 494456733, -1120128583, 945, 0, 3931, -70

10, 1, 768762788, 494456733, -1120128583, 945, 0, 3931, -90

15, 1, 768762788, 494456733, -1120128583, 945, 0, 3931, -70

10, 1, 768762789, 494456733, -1120128583, 945, 0, 3931, -89

15, 1, 768762789, 494456733, -1120128583, 945, 0, 3931, -70

10, 1, 768762790, 494456733, -1120128583, 945, 0, 3931, -89

15, 1, 768762790, 494456733, -1120128583, 945, 0, 3931, -70

10, 1, 768762791, 494456733, -1120128583, 945, 0, 3931, -90

15, 1, 768762791, 494456733, -1120128583, 945, 0, 3931, -70

10, 1, 768762792, 494456733, -1120128583, 945, 0, 3931, -90

15, 1, 768762792, 494456733, -1120128583, 945, 0, 3931, -70

10, 1, 768762793, 494456733, -1120128583, 945, 0, 3931, -90

15, 1, 768762793, 494456733, -1120128583, 945, 0, 3931, -70

10, 1, 768762794, 494456733, -1120128583, 945, 0, 3931, -89

15, 1, 768762794, 494456733, -1120128583, 945, 0, 3931, -70

10, 1, 768762795, 494456733, -1120128583, 945, 0, 3931, -88

15, 1, 768762795, 494456733, -1120128583, 945, 0, 3931, -70

10, 1, 768762796, 494456733, -1120128583, 945, 0, 3925, -89

10, 1, 768762797, 494456733, -1120128583, 945, 0, 3931, -89

15, 1, 768762797, 494456733, -1120128583, 945, 0, 3931, -70

10, 1, 768762798, 494456750, -1120128583, 945, 0, 3931, -90

15, 1, 768762798, 494456750, -1120128583, 945, 0, 3931, -69

10, 1, 768762799, 494456750, -1120128567, 945, 0, 3931, -89

15, 1, 768762799, 494456750, -1120128567, 945, 0, 3931, -70

10, 1, 768762800, 494456750, -1120128550, 945, 0, 3931, -88

15, 1, 768762800, 494456750, -1120128550, 945, 0, 3931, -70

10, 1, 768762801, 494456750, -1120128533, 945, 0, 3931, -89

15, 1, 768762801, 494456750, -1120128533, 945, 0, 3931, -70

10, 1, 768762802, 494456750, -1120128533, 945, 0, 3931, -88

15, 1, 768762802, 494456750, -1120128533, 945, 0, 3931, -70

10, 1, 768762803, 494456750, -1120128533, 945, 0, 3931, -87

15, 1, 768762803, 494456750, -1120128533, 945, 0, 3931, -70

10, 1, 768762804, 494456750, -1120128533, 945, 0, 3931, -88

15, 1, 768762804, 494456750, -1120128533, 945, 0, 3931, -69

10, 1, 768762805, 494456750, -1120128533, 945, 0, 3931, -87

15, 1, 768762805, 494456750, -1120128533, 945, 0, 3931, -69

10, 1, 768762806, 494456750, -1120128533, 945, 0, 3925, -88

15, 1, 768762806, 494456750, -1120128533, 945, 0, 3925, -69

10, 1, 768762807, 494456750, -1120128533, 945, 0, 3931, -88

15, 1, 768762807, 494456750, -1120128533, 945, 0, 3931, -69

10, 1, 768762808, 494456750, -1120128533, 945, 0, 3931, -88

15, 1, 768762808, 494456750, -1120128533, 945, 0, 3931, -69

10, 1, 768762809, 494456750, -1120128533, 945, 0, 3931, -88

15, 1, 768762809, 494456750, -1120128533, 945, 0, 3931, -69

10, 1, 768762810, 494456750, -1120128533, 945, 0, 3931, -88

15, 1, 768762810, 494456750, -1120128533, 945, 0, 3931, -69

10, 1, 768762811, 494456750, -1120128533, 945, 0, 3925, -88

15, 1, 768762811, 494456750, -1120128533, 945, 0, 3925, -70

10, 1, 768762812, 494456750, -1120128533, 945, 0, 3931, -89

15, 1, 768762812, 494456750, -1120128533, 945, 0, 3931, -69

10, 1, 768762813, 494456750, -1120128533, 945, 0, 3931, -89

15, 1, 768762813, 494456750, -1120128533, 945, 0, 3931, -70

10, 1, 768762814, 494456750, -1120128533, 945, 0, 3931, -88

15, 1, 768762814, 494456750, -1120128533, 945, 0, 3931, -70

10, 1, 768762815, 494456750, -1120128533, 945, 0, 3931, -89

15, 1, 768762815, 494456750, -1120128533, 945, 0, 3931, -67

10, 1, 768762817, 494456750, -1120128533, 945, 0, 3931, -86

15, 1, 768762817, 494456750, -1120128533, 945, 0, 3931, -69

10, 1, 768762818, 494456750, -1120128533, 945, 0, 3931, -88

15, 1, 768762818, 494456750, -1120128533, 945, 0, 3931, -70

10, 1, 768762819, 494456750, -1120128533, 945, 0, 3931, -92

15, 1, 768762819, 494456750, -1120128533, 945, 0, 3931, -69

10, 1, 768762820, 494456750, -1120128533, 945, 0, 3931, -92

15, 1, 768762820, 494456750, -1120128533, 945, 0, 3931, -69

10, 1, 768762821, 494456750, -1120128533, 945, 0, 3931, -88

15, 1, 768762821, 494456750, -1120128533, 945, 0, 3931, -69

10, 1, 768762822, 494456750, -1120128533, 945, 0, 3931, -91

15, 1, 768762822, 494456750, -1120128533, 945, 0, 3931, -69

10, 1, 768762823, 494456750, -1120128533, 945, 0, 3931, -92

15, 1, 768762823, 494456750, -1120128533, 945, 0, 3931, -69

10, 1, 768762824, 494456750, -1120128533, 945, 0, 3931, -91

15, 1, 768762824, 494456750, -1120128533, 945, 0, 3931, -70

10, 1, 768762825, 494456750, -1120128533, 945, 0, 3931, -89

15, 1, 768762825, 494456750, -1120128533, 945, 0, 3931, -67

15, 1, 768762826, 494456750, -1120128533, 945, 0, 3925, -70

10, 1, 768762827, 494456750, -1120128533, 945, 0, 3931, -92

15, 1, 768762827, 494456750, -1120128533, 945, 0, 3931, -70

10, 1, 768762828, 494456750, -1120128533, 945, 0, 3931, -92

15, 1, 768762828, 494456750, -1120128533, 945, 0, 3931, -70

10, 1, 768762829, 494456750, -1120128533, 945, 0, 3931, -92

15, 1, 768762829, 494456750, -1120128533, 945, 0, 3931, -70

10, 1, 768762830, 494456750, -1120128533, 945, 0, 3931, -91

15, 1, 768762830, 494456750, -1120128533, 945, 0, 3931, -70

10, 1, 768762831, 494456750, -1120128533, 945, 0, 3925, -91

15, 1, 768762831, 494456750, -1120128533, 945, 0, 3925, -69

10, 1, 768762832, 494456750, -1120128533, 945, 0, 3925, -91

15, 1, 768762832, 494456750, -1120128533, 945, 0, 3925, -70

10, 1, 768762833, 494456750, -1120128533, 945, 0, 3931, -92

15, 1, 768762833, 494456750, -1120128533, 945, 0, 3931, -70

10, 1, 768762834, 494456750, -1120128533, 945, 0, 3931, -91

15, 1, 768762834, 494456750, -1120128533, 945, 0, 3931, -70

10, 1, 768762835, 494456750, -1120128533, 945, 0, 3931, -91

15, 1, 768762835, 494456750, -1120128533, 945, 0, 3931, -69

10, 1, 768762836, 494456750, -1120128533, 945, 0, 3925, -91

15, 1, 768762836, 494456750, -1120128533, 945, 0, 3925, -69

10, 1, 768762837, 494456750, -1120128533, 945, 0, 3931, -95

10, 1, 768762838, 494456750, -1120128533, 945, 0, 3931, -90

15, 1, 768762838, 494456750, -1120128533, 945, 0, 3931, -69

10, 1, 768762839, 494456750, -1120128533, 945, 0, 3931, -90

15, 1, 768762839, 494456750, -1120128533, 945, 0, 3931, -69

10, 1, 768762840, 494456750, -1120128533, 945, 0, 3931, -91

15, 1, 768762840, 494456750, -1120128533, 945, 0, 3931, -70

10, 1, 768762841, 494456750, -1120128533, 945, 0, 3925, -89

15, 1, 768762841, 494456750, -1120128533, 945, 0, 3925, -70

10, 1, 768762842, 494456750, -1120128533, 945, 0, 3925, -90

15, 1, 768762842, 494456750, -1120128533, 945, 0, 3925, -70

10, 1, 768762843, 494456750, -1120128533, 945, 0, 3931, -91

15, 1, 768762843, 494456750, -1120128533, 945, 0, 3931, -71

10, 1, 768762844, 494456750, -1120128533, 945, 0, 3925, -90

15, 1, 768762844, 494456750, -1120128533, 945, 0, 3925, -69

10, 1, 768762845, 494456750, -1120128533, 945, 0, 3931, -91

15, 1, 768762845, 494456750, -1120128533, 945, 0, 3931, -70

10, 1, 768762846, 494456750, -1120128533, 945, 0, 3925, -90

15, 1, 768762846, 494456750, -1120128533, 945, 0, 3925, -70

10, 1, 768762847, 494456750, -1120128533, 945, 0, 3931, -89

15, 1, 768762847, 494456750, -1120128533, 945, 0, 3931, -70

10, 1, 768762848, 494456750, -1120128533, 945, 0, 3931, -90

15, 1, 768762848, 494456750, -1120128533, 945, 0, 3931, -69

10, 1, 768762849, 494456750, -1120128533, 945, 0, 3931, -93

15, 1, 768762849, 494456750, -1120128533, 945, 0, 3931, -70

10, 1, 768762850, 494456750, -1120128533, 945, 0, 3931, -88

15, 1, 768762850, 494456750, -1120128533, 945, 0, 3931, -69

10, 1, 768762851, 494456750, -1120128533, 945, 0, 3925, -87

15, 1, 768762851, 494456750, -1120128533, 945, 0, 3925, -70

10, 1, 768762852, 494456750, -1120128533, 945, 0, 3931, -90

15, 1, 768762852, 494456750, -1120128533, 945, 0, 3931, -70

10, 1, 768762853, 494456750, -1120128533, 945, 0, 3931, -88

15, 1, 768762853, 494456750, -1120128533, 945, 0, 3931, -69

10, 1, 768762854, 494456750, -1120128533, 945, 0, 3931, -89

15, 1, 768762854, 494456750, -1120128533, 945, 0, 3931, -71

10, 1, 768762855, 494456750, -1120128533, 945, 0, 3931, -89

15, 1, 768762855, 494456750, -1120128533, 945, 0, 3931, -66

10, 1, 768762857, 494456750, -1120128533, 945, 0, 3925, -88

15, 1, 768762857, 494456750, -1120128533, 945, 0, 3925, -70

10, 1, 768762858, 494456750, -1120128533, 945, 0, 3931, -89

15, 1, 768762858, 494456750, -1120128533, 945, 0, 3931, -70

10, 1, 768762859, 494456750, -1120128533, 945, 0, 3931, -89

15, 1, 768762859, 494456750, -1120128533, 945, 0, 3931, -70

10, 1, 768762860, 494456750, -1120128533, 945, 0, 3931, -89

15, 1, 768762860, 494456750, -1120128533, 945, 0, 3931, -70

10, 1, 768762861, 494456750, -1120128533, 945, 0, 3925, -90

15, 1, 768762861, 494456750, -1120128533, 945, 0, 3925, -70

10, 1, 768762862, 494456750, -1120128533, 945, 0, 3925, -89

15, 1, 768762862, 494456750, -1120128533, 945, 0, 3925, -70

10, 1, 768762863, 494456750, -1120128533, 945, 0, 3925, -89

10, 1, 768762864, 494456750, -1120128533, 945, 0, 3931, -89

15, 1, 768762864, 494456750, -1120128533, 945, 0, 3931, -70

10, 1, 768762865, 494456750, -1120128533, 945, 0, 3925, -90

15, 1, 768762865, 494456750, -1120128533, 945, 0, 3925, -70

10, 1, 768762866, 494456750, -1120128533, 945, 0, 3925, -89

15, 1, 768762866, 494456750, -1120128533, 945, 0, 3925, -70

10, 1, 768762867, 494456750, -1120128533, 945, 0, 3925, -89

15, 1, 768762867, 494456750, -1120128533, 945, 0, 3925, -70

10, 1, 768762868, 494456750, -1120128533, 945, 0, 3925, -89

15, 1, 768762868, 494456750, -1120128533, 945, 0, 3925, -70

10, 1, 768762869, 494456750, -1120128533, 945, 0, 3925, -90

15, 1, 768762869, 494456750, -1120128533, 945, 0, 3925, -69

10, 1, 768762870, 494456750, -1120128533, 945, 0, 3931, -89

15, 1, 768762870, 494456750, -1120128533, 945, 0, 3931, -70

10, 1, 768762871, 494456750, -1120128533, 945, 0, 3925, -89

15, 1, 768762871, 494456750, -1120128533, 945, 0, 3925, -70

10, 1, 768762872, 494456750, -1120128533, 945, 0, 3925, -89

15, 1, 768762872, 494456750, -1120128533, 945, 0, 3925, -70

10, 1, 768762873, 494456750, -1120128533, 945, 0, 3925, -89

15, 1, 768762873, 494456750, -1120128533, 945, 0, 3925, -70

10, 1, 768762874, 494456750, -1120128533, 945, 0, 3925, -89

15, 1, 768762874, 494456750, -1120128533, 945, 0, 3925, -70

10, 1, 768762875, 494456750, -1120128533, 945, 0, 3931, -89

15, 1, 768762875, 494456750, -1120128533, 945, 0, 3931, -70

10, 1, 768762876, 494456750, -1120128533, 945, 0, 3925, -89

15, 1, 768762876, 494456750, -1120128533, 945, 0, 3925, -70

10, 1, 768762877, 494456750, -1120128533, 945, 0, 3925, -89

15, 1, 768762877, 494456750, -1120128533, 945, 0, 3925, -70

10, 1, 768762878, 494456750, -1120128533, 945, 0, 3925, -90

15, 1, 768762878, 494456750, -1120128533, 945, 0, 3925, -69

10, 1, 768762879, 494456750, -1120128533, 945, 0, 3925, -89

15, 1, 768762879, 494456750, -1120128533, 945, 0, 3925, -70

10, 1, 768762880, 494456750, -1120128533, 945, 0, 3931, -87

15, 1, 768762880, 494456750, -1120128533, 945, 0, 3931, -67

10, 1, 768762882, 494456750, -1120128533, 945, 0, 3925, -89

15, 1, 768762882, 494456750, -1120128533, 945, 0, 3925, -70

10, 1, 768762883, 494456750, -1120128533, 945, 0, 3925, -89

15, 1, 768762883, 494456750, -1120128533, 945, 0, 3925, -69

10, 1, 768762884, 494456750, -1120128533, 945, 0, 3925, -89

15, 1, 768762884, 494456750, -1120128533, 945, 0, 3925, -70

10, 1, 768762885, 494456750, -1120128533, 944, 0, 3931, -89

15, 1, 768762885, 494456750, -1120128533, 944, 0, 3931, -67

10, 1, 768762887, 494456750, -1120128533, 944, 0, 3925, -90

15, 1, 768762887, 494456750, -1120128533, 944, 0, 3925, -70

10, 1, 768762888, 494456750, -1120128533, 944, 0, 3925, -89

15, 1, 768762888, 494456750, -1120128533, 944, 0, 3925, -70

10, 1, 768762889, 494456750, -1120128533, 944, 0, 3918, -90

15, 1, 768762889, 494456750, -1120128533, 944, 0, 3918, -70

10, 1, 768762890, 494456750, -1120128533, 944, 0, 3912, -89

15, 1, 768762890, 494456750, -1120128533, 944, 0, 3912, -70

10, 1, 768762891, 494456750, -1120128533, 944, 0, 3905, -89

15, 1, 768762891, 494456750, -1120128533, 944, 0, 3905, -70

10, 1, 768762892, 494456750, -1120128533, 944, 0, 3912, -89

15, 1, 768762892, 494456750, -1120128533, 944, 0, 3912, -70

10, 1, 768762893, 494456750, -1120128533, 944, 0, 3912, -89

15, 1, 768762893, 494456750, -1120128533, 944, 0, 3912, -70

10, 1, 768762894, 494456750, -1120128533, 944, 0, 3912, -89

15, 1, 768762894, 494456750, -1120128533, 944, 0, 3912, -70

10, 1, 768762895, 494456750, -1120128533, 944, 0, 3912, -88

15, 1, 768762895, 494456750, -1120128533, 944, 0, 3912, -69

10, 1, 768762896, 494456750, -1120128517, 944, 0, 3905, -88

15, 1, 768762896, 494456750, -1120128517, 944, 0, 3905, -69

10, 1, 768762897, 494456750, -1120128517, 944, 0, 3905, -90

15, 1, 768762897, 494456750, -1120128517, 944, 0, 3905, -70

10, 1, 768762898, 494456750, -1120128517, 944, 0, 3912, -88

15, 1, 768762898, 494456750, -1120128517, 944, 0, 3912, -70

10, 1, 768762899, 494456750, -1120128517, 944, 0, 3912, -87

15, 1, 768762899, 494456750, -1120128517, 944, 0, 3912, -69

10, 1, 768762900, 494456750, -1120128517, 944, 0, 3912, -88

15, 1, 768762900, 494456750, -1120128517, 944, 0, 3912, -70

10, 1, 768762901, 494456750, -1120128517, 944, 0, 3905, -90

15, 1, 768762901, 494456750, -1120128517, 944, 0, 3905, -70

10, 1, 768762902, 494456750, -1120128517, 944, 0, 3912, -90

15, 1, 768762902, 494456750, -1120128517, 944, 0, 3912, -70

10, 1, 768762903, 494456750, -1120128517, 944, 0, 3912, -89

15, 1, 768762903, 494456750, -1120128517, 944, 0, 3912, -70

10, 1, 768762904, 494456750, -1120128517, 944, 0, 3912, -89

15, 1, 768762904, 494456750, -1120128517, 944, 0, 3912, -69

10, 1, 768762905, 494456750, -1120128517, 944, 0, 3912, -89

15, 1, 768762905, 494456750, -1120128517, 944, 0, 3912, -70

10, 1, 768762906, 494456750, -1120128517, 944, 0, 3905, -89

15, 1, 768762906, 494456750, -1120128517, 944, 0, 3905, -69

10, 1, 768762907, 494456750, -1120128517, 944, 0, 3905, -89

15, 1, 768762907, 494456750, -1120128517, 944, 0, 3905, -69

10, 1, 768762908, 494456750, -1120128517, 944, 0, 3905, -90

15, 1, 768762908, 494456750, -1120128517, 944, 0, 3905, -68

10, 1, 768762909, 494456750, -1120128517, 944, 0, 3912, -90

15, 1, 768762909, 494456750, -1120128517, 944, 0, 3912, -70

10, 1, 768762910, 494456750, -1120128517, 944, 0, 3912, -89

15, 1, 768762910, 494456750, -1120128517, 944, 0, 3912, -69

10, 1, 768762911, 494456750, -1120128517, 944, 0, 3905, -89

15, 1, 768762911, 494456750, -1120128517, 944, 0, 3905, -70

10, 1, 768762912, 494456750, -1120128517, 944, 0, 3905, -89

15, 1, 768762912, 494456750, -1120128517, 944, 0, 3905, -70

10, 1, 768762913, 494456750, -1120128517, 944, 0, 3918, -89

15, 1, 768762913, 494456750, -1120128517, 944, 0, 3918, -70

10, 1, 768762914, 494456750, -1120128517, 944, 0, 3925, -89

15, 1, 768762914, 494456750, -1120128517, 944, 0, 3925, -71

10, 1, 768762915, 494456750, -1120128517, 944, 0, 3925, -89

15, 1, 768762915, 494456750, -1120128517, 944, 0, 3925, -68

10, 1, 768762917, 494456750, -1120128517, 944, 0, 3925, -89

15, 1, 768762917, 494456750, -1120128517, 944, 0, 3925, -70

10, 1, 768762918, 494456750, -1120128517, 944, 0, 3925, -89

15, 1, 768762918, 494456750, -1120128517, 944, 0, 3925, -71

10, 1, 768762919, 494456750, -1120128517, 944, 0, 3925, -89

15, 1, 768762919, 494456750, -1120128517, 944, 0, 3925, -70

10, 1, 768762920, 494456750, -1120128517, 944, 0, 3925, -88

15, 1, 768762920, 494456750, -1120128517, 944, 0, 3925, -69

10, 1, 768762921, 494456750, -1120128517, 944, 0, 3925, -89

15, 1, 768762921, 494456750, -1120128517, 944, 0, 3925, -70

10, 1, 768762922, 494456750, -1120128517, 944, 0, 3918, -89

15, 1, 768762922, 494456750, -1120128517, 944, 0, 3918, -70

10, 1, 768762923, 494456750, -1120128517, 944, 0, 3925, -89

15, 1, 768762923, 494456750, -1120128517, 944, 0, 3925, -70

10, 1, 768762924, 494456750, -1120128517, 944, 0, 3925, -89

15, 1, 768762924, 494456750, -1120128517, 944, 0, 3925, -70

10, 1, 768762925, 494456750, -1120128483, 944, 0, 3925, -88

10, 1, 768762926, 494456750, -1120128467, 944, 0, 3918, -89

15, 1, 768762926, 494456750, -1120128467, 944, 0, 3918, -70

10, 1, 768762927, 494456733, -1120128433, 944, 0, 3925, -90

15, 1, 768762927, 494456733, -1120128433, 944, 0, 3925, -70

10, 1, 768762928, 494456717, -1120128417, 944, 0, 3925, -91

15, 1, 768762928, 494456717, -1120128417, 944, 0, 3925, -69

10, 1, 768762929, 494456717, -1120128417, 944, 0, 3925, -89

15, 1, 768762929, 494456717, -1120128417, 944, 0, 3925, -70

10, 1, 768762930, 494456717, -1120128417, 944, 0, 3925, -89

15, 1, 768762930, 494456717, -1120128417, 944, 0, 3925, -69

10, 1, 768762931, 494456717, -1120128417, 944, 0, 3918, -89

15, 1, 768762931, 494456717, -1120128417, 944, 0, 3918, -70

10, 1, 768762932, 494456717, -1120128417, 944, 0, 3925, -90

15, 1, 768762932, 494456717, -1120128417, 944, 0, 3925, -70

10, 1, 768762933, 494456717, -1120128417, 944, 0, 3925, -88

15, 1, 768762933, 494456717, -1120128417, 944, 0, 3925, -70

10, 1, 768762934, 494456717, -1120128417, 944, 0, 3925, -91

15, 1, 768762934, 494456717, -1120128417, 944, 0, 3925, -70

10, 1, 768762935, 494456733, -1120128417, 944, 0, 3925, -90

15, 1, 768762935, 494456733, -1120128417, 944, 0, 3925, -71

10, 1, 768762936, 494456733, -1120128417, 944, 0, 3918, -90

15, 1, 768762936, 494456733, -1120128417, 944, 0, 3918, -70

10, 1, 768762937, 494456733, -1120128417, 944, 0, 3925, -89

15, 1, 768762937, 494456733, -1120128417, 944, 0, 3925, -70

10, 1, 768762938, 494456733, -1120128417, 944, 0, 3925, -89

15, 1, 768762938, 494456733, -1120128417, 944, 0, 3925, -69

10, 1, 768762939, 494456733, -1120128417, 944, 0, 3925, -89

15, 1, 768762939, 494456733, -1120128417, 944, 0, 3925, -70

10, 1, 768762940, 494456733, -1120128417, 944, 0, 3925, -90

15, 1, 768762940, 494456733, -1120128417, 944, 0, 3925, -71

10, 1, 768762941, 494456733, -1120128417, 944, 0, 3918, -90

15, 1, 768762941, 494456733, -1120128417, 944, 0, 3918, -70

10, 1, 768762942, 494456733, -1120128417, 944, 0, 3918, -90

15, 1, 768762942, 494456733, -1120128417, 944, 0, 3918, -71

10, 1, 768762943, 494456733, -1120128417, 944, 0, 3925, -89

15, 1, 768762943, 494456733, -1120128417, 944, 0, 3925, -70

10, 1, 768762944, 494456733, -1120128417, 944, 0, 3925, -92

15, 1, 768762944, 494456733, -1120128417, 944, 0, 3925, -70

10, 1, 768762945, 494456733, -1120128417, 944, 0, 3925, -91

15, 1, 768762945, 494456733, -1120128417, 944, 0, 3925, -68

10, 1, 768762947, 494456733, -1120128417, 944, 0, 3925, -91

15, 1, 768762947, 494456733, -1120128417, 944, 0, 3925, -70

10, 1, 768762948, 494456733, -1120128417, 944, 0, 3918, -92

15, 1, 768762948, 494456733, -1120128417, 944, 0, 3918, -70

10, 1, 768762949, 494456733, -1120128417, 944, 0, 3925, -90

15, 1, 768762949, 494456733, -1120128417, 944, 0, 3925, -70

10, 1, 768762950, 494456733, -1120128417, 944, 0, 3925, -91

15, 1, 768762950, 494456733, -1120128417, 944, 0, 3925, -70

10, 1, 768762951, 494456733, -1120128417, 944, 0, 3918, -89

15, 1, 768762951, 494456733, -1120128417, 944, 0, 3918, -70

10, 1, 768762952, 494456733, -1120128417, 944, 0, 3918, -89

15, 1, 768762952, 494456733, -1120128417, 944, 0, 3918, -70

10, 1, 768762953, 494456733, -1120128417, 944, 0, 3918, -90

15, 1, 768762953, 494456733, -1120128417, 944, 0, 3918, -71

10, 1, 768762954, 494456733, -1120128417, 944, 0, 3925, -89

15, 1, 768762954, 494456733, -1120128417, 944, 0, 3925, -71

10, 1, 768762955, 494456733, -1120128400, 944, 0, 3925, -89

15, 1, 768762955, 494456733, -1120128400, 944, 0, 3925, -69

10, 1, 768762957, 494456733, -1120128400, 944, 0, 3925, -89

15, 1, 768762957, 494456733, -1120128400, 944, 0, 3925, -71

10, 1, 768762958, 494456733, -1120128400, 944, 0, 3918, -90

15, 1, 768762958, 494456733, -1120128400, 944, 0, 3918, -70

10, 1, 768762959, 494456733, -1120128400, 944, 0, 3925, -89

15, 1, 768762959, 494456733, -1120128400, 944, 0, 3925, -70

10, 1, 768762960, 494456733, -1120128400, 944, 0, 3925, -89

15, 1, 768762960, 494456733, -1120128400, 944, 0, 3925, -71

10, 1, 768762961, 494456733, -1120128400, 944, 0, 3918, -89

15, 1, 768762961, 494456733, -1120128400, 944, 0, 3918, -71

10, 1, 768762962, 494456733, -1120128400, 944, 0, 3918, -89

15, 1, 768762962, 494456733, -1120128400, 944, 0, 3918, -70

10, 1, 768762963, 494456733, -1120128400, 944, 0, 3918, -91

15, 1, 768762963, 494456733, -1120128400, 944, 0, 3918, -70

10, 1, 768762964, 494456733, -1120128400, 944, 0, 3925, -88

15, 1, 768762964, 494456733, -1120128400, 944, 0, 3925, -71

10, 1, 768762965, 494456733, -1120128400, 944, 0, 3925, -89

15, 1, 768762965, 494456733, -1120128400, 944, 0, 3925, -70

10, 1, 768762966, 494456733, -1120128400, 944, 0, 3918, -90

15, 1, 768762966, 494456733, -1120128400, 944, 0, 3918, -69

10, 1, 768762967, 494456733, -1120128400, 944, 0, 3918, -90

15, 1, 768762967, 494456733, -1120128400, 944, 0, 3918, -69

10, 1, 768762968, 494456733, -1120128400, 944, 0, 3918, -90

15, 1, 768762968, 494456733, -1120128400, 944, 0, 3918, -70

10, 1, 768762969, 494456733, -1120128400, 944, 0, 3918, -91

15, 1, 768762969, 494456733, -1120128400, 944, 0, 3918, -70

10, 1, 768762970, 494456733, -1120128400, 944, 0, 3925, -91

15, 1, 768762970, 494456733, -1120128400, 944, 0, 3925, -68

10, 1, 768762972, 494456733, -1120128400, 944, 0, 3918, -89

15, 1, 768762972, 494456733, -1120128400, 944, 0, 3918, -69

10, 1, 768762973, 494456733, -1120128400, 944, 0, 3918, -86

15, 1, 768762973, 494456733, -1120128400, 944, 0, 3918, -70

10, 1, 768762974, 494456733, -1120128400, 944, 0, 3918, -87

15, 1, 768762974, 494456733, -1120128400, 944, 0, 3918, -70

10, 1, 768762975, 494456733, -1120128400, 944, 0, 3918, -87

15, 1, 768762975, 494456733, -1120128400, 944, 0, 3918, -70

10, 1, 768762976, 494456733, -1120128400, 944, 0, 3918, -86

15, 1, 768762976, 494456733, -1120128400, 944, 0, 3918, -70

10, 1, 768762977, 494456733, -1120128400, 944, 0, 3918, -87

15, 1, 768762977, 494456733, -1120128400, 944, 0, 3918, -70

10, 1, 768762978, 494456733, -1120128400, 944, 0, 3925, -86

15, 1, 768762978, 494456733, -1120128400, 944, 0, 3925, -70

10, 1, 768762979, 494456733, -1120128400, 944, 0, 3918, -86

15, 1, 768762979, 494456733, -1120128400, 944, 0, 3918, -71

10, 1, 768762980, 494456733, -1120128400, 944, 0, 3925, -86

15, 1, 768762980, 494456733, -1120128400, 944, 0, 3925, -70

10, 1, 768762981, 494456733, -1120128400, 944, 0, 3918, -86

15, 1, 768762981, 494456733, -1120128400, 944, 0, 3918, -70

10, 1, 768762982, 494456733, -1120128400, 944, 0, 3918, -86

15, 1, 768762982, 494456733, -1120128400, 944, 0, 3918, -71

10, 1, 768762983, 494456733, -1120128400, 944, 0, 3918, -87

15, 1, 768762983, 494456733, -1120128400, 944, 0, 3918, -70

10, 1, 768762984, 494456733, -1120128400, 944, 0, 3918, -90

15, 1, 768762984, 494456733, -1120128400, 944, 0, 3918, -71

10, 1, 768762985, 494456733, -1120128400, 944, 0, 3925, -91

15, 1, 768762985, 494456733, -1120128400, 944, 0, 3925, -70

10, 1, 768762986, 494456733, -1120128400, 944, 0, 3918, -91

15, 1, 768762986, 494456733, -1120128400, 944, 0, 3918, -70

10, 1, 768762987, 494456733, -1120128400, 944, 0, 3918, -92

15, 1, 768762987, 494456733, -1120128400, 944, 0, 3918, -71

10, 1, 768762988, 494456733, -1120128400, 944, 0, 3918, -91

15, 1, 768762988, 494456733, -1120128400, 944, 0, 3918, -71

10, 1, 768762989, 494456733, -1120128400, 944, 0, 3918, -90

15, 1, 768762989, 494456733, -1120128400, 944, 0, 3918, -70

10, 1, 768762990, 494456733, -1120128400, 944, 0, 3918, -90

15, 1, 768762990, 494456733, -1120128400, 944, 0, 3918, -71

10, 1, 768762991, 494456733, -1120128400, 944, 0, 3918, -91

15, 1, 768762991, 494456733, -1120128400, 944, 0, 3918, -70

10, 1, 768762992, 494456733, -1120128400, 944, 0, 3918, -89

15, 1, 768762992, 494456733, -1120128400, 944, 0, 3918, -70

10, 1, 768762993, 494456733, -1120128400, 944, 0, 3918, -90

15, 1, 768762993, 494456733, -1120128400, 944, 0, 3918, -71

10, 1, 768762994, 494456733, -1120128400, 944, 0, 3918, -90

15, 1, 768762994, 494456733, -1120128400, 944, 0, 3918, -70

10, 1, 768762995, 494456733, -1120128400, 944, 0, 3918, -91

15, 1, 768762995, 494456733, -1120128400, 944, 0, 3918, -70

10, 1, 768762996, 494456733, -1120128400, 944, 0, 3912, -90

15, 1, 768762996, 494456733, -1120128400, 944, 0, 3912, -70

10, 1, 768762997, 494456733, -1120128400, 944, 0, 3918, -91

15, 1, 768762997, 494456733, -1120128400, 944, 0, 3918, -70

10, 1, 768762998, 494456733, -1120128400, 944, 0, 3918, -91

15, 1, 768762998, 494456733, -1120128400, 944, 0, 3918, -70

10, 1, 768762999, 494456733, -1120128400, 944, 0, 3918, -89

15, 1, 768762999, 494456733, -1120128400, 944, 0, 3918, -70

10, 1, 768763000, 494456733, -1120128400, 944, 0, 3918, -90

15, 1, 768763000, 494456733, -1120128400, 944, 0, 3918, -71

10, 1, 768763001, 494456733, -1120128400, 944, 0, 3918, -89

15, 1, 768763001, 494456733, -1120128400, 944, 0, 3918, -70

10, 1, 768763002, 494456733, -1120128400, 944, 0, 3918, -90

15, 1, 768763002, 494456733, -1120128400, 944, 0, 3918, -70

10, 1, 768763003, 494456733, -1120128400, 944, 0, 3918, -88

15, 1, 768763003, 494456733, -1120128400, 944, 0, 3918, -71

10, 1, 768763004, 494456733, -1120128400, 944, 0, 3918, -89

15, 1, 768763004, 494456733, -1120128400, 944, 0, 3918, -71

10, 1, 768763005, 494456733, -1120128400, 944, 0, 3918, -89

15, 1, 768763005, 494456733, -1120128400, 944, 0, 3918, -70

10, 1, 768763006, 494456733, -1120128400, 944, 0, 3918, -89

15, 1, 768763006, 494456733, -1120128400, 944, 0, 3918, -71

10, 1, 768763007, 494456733, -1120128400, 944, 0, 3918, -88

15, 1, 768763007, 494456733, -1120128400, 944, 0, 3918, -70

10, 1, 768763008, 494456733, -1120128400, 944, 0, 3918, -88

15, 1, 768763008, 494456733, -1120128400, 944, 0, 3918, -71

10, 1, 768763009, 494456733, -1120128400, 944, 0, 3918, -88

15, 1, 768763009, 494456733, -1120128400, 944, 0, 3918, -71

10, 1, 768763010, 494456733, -1120128400, 944, 0, 3918, -87

15, 1, 768763010, 494456733, -1120128400, 944, 0, 3918, -68

10, 1, 768763012, 494456733, -1120128400, 944, 0, 3918, -88

15, 1, 768763012, 494456733, -1120128400, 944, 0, 3918, -71

10, 1, 768763013, 494456733, -1120128400, 944, 0, 3918, -87

15, 1, 768763013, 494456733, -1120128400, 944, 0, 3918, -71

10, 1, 768763014, 494456733, -1120128400, 944, 0, 3918, -89

15, 1, 768763014, 494456733, -1120128400, 944, 0, 3918, -70

10, 1, 768763015, 494456733, -1120128383, 944, 0, 3918, -89

15, 1, 768763015, 494456733, -1120128383, 944, 0, 3918, -70

10, 1, 768763016, 494456733, -1120128383, 944, 0, 3918, -88

15, 1, 768763016, 494456733, -1120128383, 944, 0, 3918, -71

10, 1, 768763017, 494456733, -1120128383, 944, 0, 3918, -90

15, 1, 768763017, 494456733, -1120128383, 944, 0, 3918, -71

10, 1, 768763018, 494456733, -1120128383, 944, 0, 3918, -89

15, 1, 768763018, 494456733, -1120128383, 944, 0, 3918, -71

10, 1, 768763019, 494456733, -1120128383, 944, 0, 3918, -88

15, 1, 768763019, 494456733, -1120128383, 944, 0, 3918, -70

10, 1, 768763020, 494456733, -1120128383, 944, 0, 3918, -88

15, 1, 768763020, 494456733, -1120128383, 944, 0, 3918, -70

10, 1, 768763021, 494456733, -1120128383, 944, 0, 3912, -88

15, 1, 768763021, 494456733, -1120128383, 944, 0, 3912, -70

10, 1, 768763022, 494456733, -1120128383, 944, 0, 3918, -87

15, 1, 768763022, 494456733, -1120128383, 944, 0, 3918, -71

10, 1, 768763023, 494456733, -1120128383, 944, 0, 3918, -89

15, 1, 768763023, 494456733, -1120128383, 944, 0, 3918, -69

10, 1, 768763024, 494456733, -1120128383, 944, 0, 3918, -91

15, 1, 768763024, 494456733, -1120128383, 944, 0, 3918, -70

10, 1, 768763025, 494456733, -1120128383, 944, 0, 3918, -91

15, 1, 768763025, 494456733, -1120128383, 944, 0, 3918, -70

10, 1, 768763026, 494456733, -1120128383, 944, 0, 3918, -88

15, 1, 768763026, 494456733, -1120128383, 944, 0, 3918, -70

10, 1, 768763027, 494456733, -1120128383, 944, 0, 3918, -88

15, 1, 768763027, 494456733, -1120128383, 944, 0, 3918, -71

10, 1, 768763028, 494456733, -1120128383, 944, 0, 3918, -91

15, 1, 768763028, 494456733, -1120128383, 944, 0, 3918, -71

10, 1, 768763029, 494456733, -1120128383, 944, 0, 3918, -93

15, 1, 768763029, 494456733, -1120128383, 944, 0, 3918, -70

10, 1, 768763030, 494456750, -1120128383, 944, 0, 3918, -93

15, 1, 768763030, 494456750, -1120128383, 944, 0, 3918, -70

10, 1, 768763031, 494456750, -1120128383, 944, 0, 3918, -92

15, 1, 768763031, 494456750, -1120128383, 944, 0, 3918, -71

10, 1, 768763032, 494456750, -1120128383, 944, 0, 3918, -92

15, 1, 768763032, 494456750, -1120128383, 944, 0, 3918, -70

10, 1, 768763033, 494456750, -1120128383, 944, 0, 3918, -93

15, 1, 768763033, 494456750, -1120128383, 944, 0, 3918, -70

10, 1, 768763034, 494456750, -1120128383, 944, 0, 3918, -92

15, 1, 768763034, 494456750, -1120128383, 944, 0, 3918, -70

10, 1, 768763035, 494456750, -1120128383, 944, 0, 3918, -95

15, 1, 768763035, 494456750, -1120128383, 944, 0, 3918, -70

10, 1, 768763036, 494456750, -1120128383, 944, 0, 3918, -93

15, 1, 768763036, 494456750, -1120128383, 944, 0, 3918, -69

10, 1, 768763037, 494456750, -1120128383, 944, 0, 3912, -92

15, 1, 768763037, 494456750, -1120128383, 944, 0, 3912, -70

10, 1, 768763038, 494456750, -1120128383, 944, 0, 3918, -93

15, 1, 768763038, 494456750, -1120128383, 944, 0, 3918, -69

10, 1, 768763039, 494456750, -1120128383, 944, 0, 3918, -90

15, 1, 768763039, 494456750, -1120128383, 944, 0, 3918, -69

10, 1, 768763040, 494456750, -1120128383, 944, 0, 3918, -91

15, 1, 768763040, 494456750, -1120128383, 944, 0, 3918, -71

10, 1, 768763041, 494456750, -1120128383, 944, 0, 3912, -90

15, 1, 768763041, 494456750, -1120128383, 944, 0, 3912, -70

10, 1, 768763042, 494456750, -1120128383, 944, 0, 3918, -90

15, 1, 768763042, 494456750, -1120128383, 944, 0, 3918, -70

10, 1, 768763043, 494456750, -1120128383, 944, 0, 3918, -89

15, 1, 768763043, 494456750, -1120128383, 944, 0, 3918, -71

10, 1, 768763044, 494456750, -1120128383, 944, 0, 3912, -89

15, 1, 768763044, 494456750, -1120128383, 944, 0, 3912, -70

10, 1, 768763045, 494456750, -1120128383, 944, 0, 3918, -88

15, 1, 768763045, 494456750, -1120128383, 944, 0, 3918, -70

10, 1, 768763046, 494456750, -1120128383, 944, 0, 3912, -90

15, 1, 768763046, 494456750, -1120128383, 944, 0, 3912, -70

10, 1, 768763047, 494456750, -1120128383, 944, 0, 3918, -96

15, 1, 768763047, 494456750, -1120128383, 944, 0, 3918, -70

10, 1, 768763048, 494456750, -1120128383, 944, 0, 3918, -97

15, 1, 768763048, 494456750, -1120128383, 944, 0, 3918, -70

10, 1, 768763049, 494456750, -1120128383, 944, 0, 3912, -105

15, 1, 768763049, 494456750, -1120128383, 944, 0, 3912, -72

10, 1, 768763050, 494456750, -1120128383, 944, 0, 3918, -90

15, 1, 768763050, 494456750, -1120128383, 944, 0, 3918, -69

10, 1, 768763051, 494456750, -1120128383, 944, 0, 3912, -90

15, 1, 768763051, 494456750, -1120128383, 944, 0, 3912, -69

10, 1, 768763052, 494456750, -1120128383, 944, 0, 3912, -95

15, 1, 768763052, 494456750, -1120128383, 944, 0, 3912, -70

10, 1, 768763053, 494456750, -1120128383, 944, 0, 3918, -91

15, 1, 768763053, 494456750, -1120128383, 944, 0, 3918, -70

10, 1, 768763054, 494456750, -1120128383, 944, 0, 3912, -89

15, 1, 768763054, 494456750, -1120128383, 944, 0, 3912, -71

10, 1, 768763055, 494456750, -1120128383, 944, 0, 3918, -89

15, 1, 768763055, 494456750, -1120128383, 944, 0, 3918, -70

10, 1, 768763056, 494456750, -1120128383, 944, 0, 3912, -93

15, 1, 768763056, 494456750, -1120128383, 944, 0, 3912, -70

10, 1, 768763057, 494456750, -1120128383, 944, 0, 3918, -89

15, 1, 768763057, 494456750, -1120128383, 944, 0, 3918, -71

10, 1, 768763058, 494456750, -1120128383, 944, 0, 3918, -89

15, 1, 768763058, 494456750, -1120128383, 944, 0, 3918, -71

10, 1, 768763059, 494456750, -1120128383, 944, 0, 3918, -89

15, 1, 768763059, 494456750, -1120128383, 944, 0, 3918, -70

10, 1, 768763060, 494456750, -1120128383, 944, 0, 3918, -89

15, 1, 768763060, 494456750, -1120128383, 944, 0, 3918, -70

10, 1, 768763061, 494456750, -1120128383, 944, 0, 3912, -88

15, 1, 768763061, 494456750, -1120128383, 944, 0, 3912, -70

10, 1, 768763062, 494456750, -1120128383, 944, 0, 3918, -90

15, 1, 768763062, 494456750, -1120128383, 944, 0, 3918, -70

10, 1, 768763063, 494456750, -1120128383, 944, 0, 3912, -95

15, 1, 768763063, 494456750, -1120128383, 944, 0, 3912, -74

10, 1, 768763064, 494456750, -1120128383, 944, 0, 3918, -88

15, 1, 768763064, 494456750, -1120128383, 944, 0, 3918, -72

10, 1, 768763065, 494456750, -1120128383, 944, 0, 3918, -89

15, 1, 768763065, 494456750, -1120128383, 944, 0, 3918, -69

10, 1, 768763066, 494456750, -1120128383, 944, 0, 3912, -88

15, 1, 768763066, 494456750, -1120128383, 944, 0, 3912, -69

10, 1, 768763067, 494456750, -1120128383, 944, 0, 3912, -88

15, 1, 768763067, 494456750, -1120128383, 944, 0, 3912, -70

10, 1, 768763068, 494456750, -1120128383, 944, 0, 3918, -88

15, 1, 768763068, 494456750, -1120128383, 944, 0, 3918, -70

10, 1, 768763069, 494456750, -1120128383, 944, 0, 3918, -88

15, 1, 768763069, 494456750, -1120128383, 944, 0, 3918, -69

10, 1, 768763070, 494456750, -1120128383, 944, 0, 3918, -89

15, 1, 768763070, 494456750, -1120128383, 944, 0, 3918, -69

10, 1, 768763071, 494456750, -1120128383, 944, 0, 3912, -88

15, 1, 768763071, 494456750, -1120128383, 944, 0, 3912, -69

10, 1, 768763072, 494456750, -1120128383, 944, 0, 3918, -89

15, 1, 768763072, 494456750, -1120128383, 944, 0, 3918, -69

10, 1, 768763073, 494456750, -1120128383, 944, 0, 3918, -90

15, 1, 768763073, 494456750, -1120128383, 944, 0, 3918, -69

10, 1, 768763074, 494456750, -1120128383, 944, 0, 3912, -88

15, 1, 768763074, 494456750, -1120128383, 944, 0, 3912, -69

10, 1, 768763075, 494456750, -1120128383, 944, 0, 3918, -88

15, 1, 768763075, 494456750, -1120128383, 944, 0, 3918, -67

10, 1, 768763077, 494456750, -1120128383, 944, 0, 3912, -88

15, 1, 768763077, 494456750, -1120128383, 944, 0, 3912, -69

10, 1, 768763078, 494456750, -1120128383, 944, 0, 3918, -89

15, 1, 768763078, 494456750, -1120128383, 944, 0, 3918, -69

10, 1, 768763079, 494456750, -1120128383, 944, 0, 3912, -89

15, 1, 768763079, 494456750, -1120128383, 944, 0, 3912, -69

10, 1, 768763080, 494456750, -1120128383, 944, 0, 3918, -91

15, 1, 768763080, 494456750, -1120128383, 944, 0, 3918, -69

10, 1, 768763081, 494456750, -1120128383, 944, 0, 3912, -89

15, 1, 768763081, 494456750, -1120128383, 944, 0, 3912, -69

10, 1, 768763082, 494456750, -1120128383, 944, 0, 3912, -83

15, 1, 768763082, 494456750, -1120128383, 944, 0, 3912, -71

10, 1, 768763083, 494456750, -1120128383, 944, 55, 3912, -107

15, 1, 768763083, 494456750, -1120128383, 944, 55, 3912, -72

10, 1, 768763084, 494455083, -1120125167, 944, 57, 3912, -103

15, 1, 768763084, 494455083, -1120125167, 944, 57, 3912, -72

10, 1, 768763085, 494453750, -1120118150, 944, 74, 3918, -113

15, 1, 768763085, 494453750, -1120118150, 944, 74, 3918, -72

10, 1, 768763086, 494452333, -1120113450, 944, 68, 3912, -113

15, 1, 768763086, 494452333, -1120113450, 944, 68, 3912, -72

10, 1, 768763087, 494451000, -1120108783, 944, 70, 3912, -115

15, 1, 768763087, 494451000, -1120108783, 944, 70, 3912, -72

10, 1, 768763088, 494449350, -1120104117, 944, 71, 3912, -112

10, 1, 768763089, 494447633, -1120100067, 944, 69, 3912, -113

15, 1, 768763089, 494447633, -1120100067, 944, 69, 3912, -72

10, 1, 768763090, 494445833, -1120096800, 944, 67, 3912, -130

15, 1, 768763090, 494445833, -1120096800, 944, 67, 3912, -73

10, 1, 768763091, 494444150, -1120094133, 943, 64, 3912, -114

15, 1, 768763091, 494444150, -1120094133, 943, 64, 3912, -72

10, 1, 768763092, 494442317, -1120091150, 943, 63, 3912, -119

15, 1, 768763092, 494442317, -1120091150, 943, 63, 3912, -72

15, 1, 768763093, 494440333, -1120088467, 943, 62, 3918, -72

10, 1, 768763094, 494438317, -1120085783, 943, 62, 3918, -118

15, 1, 768763094, 494438317, -1120085783, 943, 62, 3918, -71

